<?xml version="1.0"?>
<!DOCTYPE coverage SYSTEM "http://cobertura.sourceforge.net/xml/coverage-04.dtd">

<coverage line-rate="0.0" branch-rate="0.0" lines-covered="0" lines-valid="639" branches-covered="0" branches-valid="202" complexity="4.166666666666667" version="2.1.1" timestamp="1495750509780">
	<sources>
		<source>--source</source>
		<source>/home/travis/build/universAAL/remote/ri.servicegateway/src/main/java</source>
	</sources>
	<packages>
		<package name="org.universAAL.ri.servicegateway" line-rate="0.0" branch-rate="0.0" complexity="2.9166666666666665">
			<classes>
				<class name="org.universAAL.ri.servicegateway.GatewayPort" filename="org/universAAL/ri/servicegateway/GatewayPort.java" line-rate="0.0" branch-rate="0.0" complexity="2.9166666666666665">
					<methods>
						<method name="&lt;init&gt;" signature="()V" line-rate="0.0" branch-rate="1.0" complexity="0">
							<lines>
								<line number="67" hits="0" branch="false"/>
								<line number="68" hits="0" branch="false"/>
								<line number="69" hits="0" branch="false"/>
							</lines>
						</method>
						<method name="&lt;init&gt;" signature="(Lorg/universAAL/middleware/container/ModuleContext;)V" line-rate="0.0" branch-rate="1.0" complexity="0">
							<lines>
								<line number="72" hits="0" branch="false"/>
								<line number="73" hits="0" branch="false"/>
								<line number="74" hits="0" branch="false"/>
							</lines>
						</method>
						<method name="getContext" signature="()Lorg/universAAL/middleware/container/ModuleContext;" line-rate="0.0" branch-rate="1.0" complexity="0">
							<lines>
								<line number="184" hits="0" branch="false"/>
							</lines>
						</method>
						<method name="getUserAndPass" signature="(Ljava/lang/String;)[Ljava/lang/String;" line-rate="0.0" branch-rate="0.0" complexity="0">
							<lines>
								<line number="101" hits="0" branch="true" condition-coverage="0% (0/4)">
									<conditions>
										<condition number="0" type="jump" coverage="0%"/>
										<condition number="1" type="jump" coverage="0%"/>
									</conditions>
								</line>
								<line number="102" hits="0" branch="false"/>
								<line number="103" hits="0" branch="false"/>
								<line number="104" hits="0" branch="true" condition-coverage="0% (0/2)">
									<conditions>
										<condition number="0" type="jump" coverage="0%"/>
									</conditions>
								</line>
								<line number="106" hits="0" branch="false"/>
								<line number="107" hits="0" branch="true" condition-coverage="0% (0/2)">
									<conditions>
										<condition number="0" type="jump" coverage="0%"/>
									</conditions>
								</line>
								<line number="108" hits="0" branch="false"/>
								<line number="110" hits="0" branch="false"/>
								<line number="113" hits="0" branch="false"/>
								<line number="114" hits="0" branch="true" condition-coverage="0% (0/2)">
									<conditions>
										<condition number="0" type="jump" coverage="0%"/>
									</conditions>
								</line>
								<line number="115" hits="0" branch="false"/>
								<line number="116" hits="0" branch="false"/>
								<line number="117" hits="0" branch="false"/>
								<line number="122" hits="0" branch="false"/>
							</lines>
						</method>
						<method name="handleAuthorization" signature="(Ljavax/servlet/http/HttpServletRequest;Ljavax/servlet/http/HttpServletResponse;)Z" line-rate="0.0" branch-rate="0.0" complexity="0">
							<lines>
								<line number="138" hits="0" branch="false"/>
								<line number="141" hits="0" branch="false"/>
								<line number="142" hits="0" branch="true" condition-coverage="0% (0/2)">
									<conditions>
										<condition number="0" type="jump" coverage="0%"/>
									</conditions>
								</line>
								<line number="144" hits="0" branch="false"/>
								<line number="149" hits="0" branch="true" condition-coverage="0% (0/2)">
									<conditions>
										<condition number="0" type="jump" coverage="0%"/>
									</conditions>
								</line>
								<line number="150" hits="0" branch="false"/>
								<line number="154" hits="0" branch="false"/>
								<line number="155" hits="0" branch="true" condition-coverage="0% (0/2)">
									<conditions>
										<condition number="0" type="jump" coverage="0%"/>
									</conditions>
								</line>
								<line number="156" hits="0" branch="false"/>
								<line number="163" hits="0" branch="false"/>
								<line number="165" hits="0" branch="false"/>
								<line number="169" hits="0" branch="false"/>
							</lines>
						</method>
						<method name="logout" signature="(Lorg/universAAL/ontology/profile/User;)V" line-rate="0.0" branch-rate="1.0" complexity="0">
							<lines>
								<line number="173" hits="0" branch="false"/>
								<line number="174" hits="0" branch="false"/>
							</lines>
						</method>
						<method name="register" signature="()Z" line-rate="0.0" branch-rate="0.0" complexity="0">
							<lines>
								<line number="214" hits="0" branch="false"/>
								<line number="215" hits="0" branch="false"/>
								<line number="216" hits="0" branch="true" condition-coverage="0% (0/2)">
									<conditions>
										<condition number="0" type="jump" coverage="0%"/>
									</conditions>
								</line>
								<line number="217" hits="0" branch="false"/>
								<line number="220" hits="0" branch="false"/>
								<line number="221" hits="0" branch="false"/>
								<line number="222" hits="0" branch="false"/>
								<line number="224" hits="0" branch="false"/>
								<line number="228" hits="0" branch="false"/>
								<line number="229" hits="0" branch="false"/>
								<line number="230" hits="0" branch="false"/>
								<line number="232" hits="0" branch="false"/>
								<line number="236" hits="0" branch="false"/>
								<line number="237" hits="0" branch="false"/>
								<line number="238" hits="0" branch="false"/>
								<line number="240" hits="0" branch="false"/>
								<line number="243" hits="0" branch="false"/>
								<line number="245" hits="0" branch="false"/>
								<line number="249" hits="0" branch="false"/>
							</lines>
						</method>
						<method name="requireCredentials" signature="(Ljavax/servlet/http/HttpServletRequest;Ljavax/servlet/http/HttpServletResponse;)V" line-rate="0.0" branch-rate="1.0" complexity="0">
							<lines>
								<line number="87" hits="0" branch="false"/>
								<line number="88" hits="0" branch="false"/>
								<line number="89" hits="0" branch="false"/>
								<line number="90" hits="0" branch="false"/>
							</lines>
						</method>
						<method name="setContext" signature="(Lorg/universAAL/middleware/container/ModuleContext;)V" line-rate="0.0" branch-rate="0.0" complexity="0">
							<lines>
								<line number="177" hits="0" branch="false"/>
								<line number="178" hits="0" branch="true" condition-coverage="0% (0/2)">
									<conditions>
										<condition number="0" type="jump" coverage="0%"/>
									</conditions>
								</line>
								<line number="179" hits="0" branch="false"/>
								<line number="180" hits="0" branch="false"/>
								<line number="181" hits="0" branch="false"/>
							</lines>
						</method>
						<method name="unregister" signature="()Z" line-rate="0.0" branch-rate="0.0" complexity="0">
							<lines>
								<line number="253" hits="0" branch="false"/>
								<line number="254" hits="0" branch="false"/>
								<line number="255" hits="0" branch="true" condition-coverage="0% (0/2)">
									<conditions>
										<condition number="0" type="jump" coverage="0%"/>
									</conditions>
								</line>
								<line number="256" hits="0" branch="false"/>
								<line number="259" hits="0" branch="false"/>
								<line number="260" hits="0" branch="false"/>
								<line number="261" hits="0" branch="false"/>
								<line number="263" hits="0" branch="false"/>
								<line number="267" hits="0" branch="false"/>
								<line number="268" hits="0" branch="false"/>
								<line number="269" hits="0" branch="false"/>
								<line number="270" hits="0" branch="false"/>
								<line number="272" hits="0" branch="false"/>
								<line number="275" hits="0" branch="false"/>
								<line number="277" hits="0" branch="false"/>
								<line number="281" hits="0" branch="false"/>
							</lines>
						</method>
					</methods>
					<lines>
						<line number="67" hits="0" branch="false"/>
						<line number="68" hits="0" branch="false"/>
						<line number="69" hits="0" branch="false"/>
						<line number="72" hits="0" branch="false"/>
						<line number="73" hits="0" branch="false"/>
						<line number="74" hits="0" branch="false"/>
						<line number="87" hits="0" branch="false"/>
						<line number="88" hits="0" branch="false"/>
						<line number="89" hits="0" branch="false"/>
						<line number="90" hits="0" branch="false"/>
						<line number="101" hits="0" branch="true" condition-coverage="0% (0/4)">
							<conditions>
								<condition number="0" type="jump" coverage="0%"/>
								<condition number="1" type="jump" coverage="0%"/>
							</conditions>
						</line>
						<line number="102" hits="0" branch="false"/>
						<line number="103" hits="0" branch="false"/>
						<line number="104" hits="0" branch="true" condition-coverage="0% (0/2)">
							<conditions>
								<condition number="0" type="jump" coverage="0%"/>
							</conditions>
						</line>
						<line number="106" hits="0" branch="false"/>
						<line number="107" hits="0" branch="true" condition-coverage="0% (0/2)">
							<conditions>
								<condition number="0" type="jump" coverage="0%"/>
							</conditions>
						</line>
						<line number="108" hits="0" branch="false"/>
						<line number="110" hits="0" branch="false"/>
						<line number="113" hits="0" branch="false"/>
						<line number="114" hits="0" branch="true" condition-coverage="0% (0/2)">
							<conditions>
								<condition number="0" type="jump" coverage="0%"/>
							</conditions>
						</line>
						<line number="115" hits="0" branch="false"/>
						<line number="116" hits="0" branch="false"/>
						<line number="117" hits="0" branch="false"/>
						<line number="122" hits="0" branch="false"/>
						<line number="138" hits="0" branch="false"/>
						<line number="141" hits="0" branch="false"/>
						<line number="142" hits="0" branch="true" condition-coverage="0% (0/2)">
							<conditions>
								<condition number="0" type="jump" coverage="0%"/>
							</conditions>
						</line>
						<line number="144" hits="0" branch="false"/>
						<line number="149" hits="0" branch="true" condition-coverage="0% (0/2)">
							<conditions>
								<condition number="0" type="jump" coverage="0%"/>
							</conditions>
						</line>
						<line number="150" hits="0" branch="false"/>
						<line number="154" hits="0" branch="false"/>
						<line number="155" hits="0" branch="true" condition-coverage="0% (0/2)">
							<conditions>
								<condition number="0" type="jump" coverage="0%"/>
							</conditions>
						</line>
						<line number="156" hits="0" branch="false"/>
						<line number="163" hits="0" branch="false"/>
						<line number="165" hits="0" branch="false"/>
						<line number="169" hits="0" branch="false"/>
						<line number="173" hits="0" branch="false"/>
						<line number="174" hits="0" branch="false"/>
						<line number="177" hits="0" branch="false"/>
						<line number="178" hits="0" branch="true" condition-coverage="0% (0/2)">
							<conditions>
								<condition number="0" type="jump" coverage="0%"/>
							</conditions>
						</line>
						<line number="179" hits="0" branch="false"/>
						<line number="180" hits="0" branch="false"/>
						<line number="181" hits="0" branch="false"/>
						<line number="184" hits="0" branch="false"/>
						<line number="214" hits="0" branch="false"/>
						<line number="215" hits="0" branch="false"/>
						<line number="216" hits="0" branch="true" condition-coverage="0% (0/2)">
							<conditions>
								<condition number="0" type="jump" coverage="0%"/>
							</conditions>
						</line>
						<line number="217" hits="0" branch="false"/>
						<line number="220" hits="0" branch="false"/>
						<line number="221" hits="0" branch="false"/>
						<line number="222" hits="0" branch="false"/>
						<line number="224" hits="0" branch="false"/>
						<line number="228" hits="0" branch="false"/>
						<line number="229" hits="0" branch="false"/>
						<line number="230" hits="0" branch="false"/>
						<line number="232" hits="0" branch="false"/>
						<line number="236" hits="0" branch="false"/>
						<line number="237" hits="0" branch="false"/>
						<line number="238" hits="0" branch="false"/>
						<line number="240" hits="0" branch="false"/>
						<line number="243" hits="0" branch="false"/>
						<line number="245" hits="0" branch="false"/>
						<line number="249" hits="0" branch="false"/>
						<line number="253" hits="0" branch="false"/>
						<line number="254" hits="0" branch="false"/>
						<line number="255" hits="0" branch="true" condition-coverage="0% (0/2)">
							<conditions>
								<condition number="0" type="jump" coverage="0%"/>
							</conditions>
						</line>
						<line number="256" hits="0" branch="false"/>
						<line number="259" hits="0" branch="false"/>
						<line number="260" hits="0" branch="false"/>
						<line number="261" hits="0" branch="false"/>
						<line number="263" hits="0" branch="false"/>
						<line number="267" hits="0" branch="false"/>
						<line number="268" hits="0" branch="false"/>
						<line number="269" hits="0" branch="false"/>
						<line number="270" hits="0" branch="false"/>
						<line number="272" hits="0" branch="false"/>
						<line number="275" hits="0" branch="false"/>
						<line number="277" hits="0" branch="false"/>
						<line number="281" hits="0" branch="false"/>
					</lines>
				</class>
			</classes>
		</package>
		<package name="org.universAAL.ri.servicegateway.impl" line-rate="0.0" branch-rate="0.0" complexity="4.914285714285715">
			<classes>
				<class name="org.universAAL.ri.servicegateway.impl.Base64" filename="org/universAAL/ri/servicegateway/impl/Base64.java" line-rate="0.0" branch-rate="0.0" complexity="4.914285714285715">
					<methods>
						<method name="&lt;clinit&gt;" signature="()V" line-rate="0.0" branch-rate="1.0" complexity="0">
							<lines>
								<line number="176" hits="0" branch="false"/>
								<line number="195" hits="0" branch="false"/>
								<line number="245" hits="0" branch="false"/>
								<line number="263" hits="0" branch="false"/>
								<line number="315" hits="0" branch="false"/>
								<line number="333" hits="0" branch="false"/>
							</lines>
						</method>
						<method name="&lt;init&gt;" signature="()V" line-rate="0.0" branch-rate="1.0" complexity="0">
							<lines>
								<line number="413" hits="0" branch="false"/>
								<line number="414" hits="0" branch="false"/>
							</lines>
						</method>
						<method name="access$000" signature="(I)[B" line-rate="1.0" branch-rate="1.0" complexity="0">
							<lines>
							</lines>
						</method>
						<method name="access$100" signature="(I)[B" line-rate="1.0" branch-rate="1.0" complexity="0">
							<lines>
							</lines>
						</method>
						<method name="access$200" signature="([BII[BII)[B" line-rate="1.0" branch-rate="1.0" complexity="0">
							<lines>
							</lines>
						</method>
						<method name="access$300" signature="([BI[BII)I" line-rate="1.0" branch-rate="1.0" complexity="0">
							<lines>
							</lines>
						</method>
						<method name="access$400" signature="([B[BII)[B" line-rate="0.0" branch-rate="1.0" complexity="0">
							<lines>
								<line number="109" hits="0" branch="false"/>
							</lines>
						</method>
						<method name="decode" signature="(Ljava/lang/String;)[B" line-rate="0.0" branch-rate="1.0" complexity="0">
							<lines>
								<line number="1003" hits="0" branch="false"/>
							</lines>
						</method>
						<method name="decode" signature="(Ljava/lang/String;I)[B" line-rate="0.0" branch-rate="0.0" complexity="0">
							<lines>
								<line number="1020" hits="0" branch="false"/>
								<line number="1022" hits="0" branch="false"/>
								<line number="1023" hits="0" branch="false"/>
								<line number="1024" hits="0" branch="false"/>
								<line number="1028" hits="0" branch="false"/>
								<line number="1032" hits="0" branch="true" condition-coverage="0% (0/4)">
									<conditions>
										<condition number="0" type="jump" coverage="0%"/>
										<condition number="1" type="jump" coverage="0%"/>
									</conditions>
								</line>
								<line number="1034" hits="0" branch="false"/>
								<line number="1035" hits="0" branch="true" condition-coverage="0% (0/2)">
									<conditions>
										<condition number="0" type="jump" coverage="0%"/>
									</conditions>
								</line>
								<line number="1036" hits="0" branch="false"/>
								<line number="1037" hits="0" branch="false"/>
								<line number="1038" hits="0" branch="false"/>
								<line number="1039" hits="0" branch="false"/>
								<line number="1040" hits="0" branch="false"/>
								<line number="1043" hits="0" branch="false"/>
								<line number="1044" hits="0" branch="false"/>
								<line number="1045" hits="0" branch="false"/>
								<line number="1047" hits="0" branch="true" condition-coverage="0% (0/2)">
									<conditions>
										<condition number="0" type="jump" coverage="0%"/>
									</conditions>
								</line>
								<line number="1048" hits="0" branch="false"/>
								<line number="1052" hits="0" branch="false"/>
								<line number="1055" hits="0" branch="false"/>
								<line number="1059" hits="0" branch="false"/>
								<line number="1060" hits="0" branch="false"/>
								<line number="1061" hits="0" branch="false"/>
								<line number="1062" hits="0" branch="false"/>
								<line number="1064" hits="0" branch="false"/>
								<line number="1065" hits="0" branch="false"/>
								<line number="1066" hits="0" branch="false"/>
								<line number="1068" hits="0" branch="false"/>
								<line number="1069" hits="0" branch="false"/>
								<line number="1070" hits="0" branch="false"/>
								<line number="1071" hits="0" branch="false"/>
								<line number="1076" hits="0" branch="false"/>
							</lines>
						</method>
						<method name="decode" signature="([BIII)[B" line-rate="0.0" branch-rate="0.0" complexity="0">
							<lines>
								<line number="948" hits="0" branch="false"/>
								<line number="950" hits="0" branch="false"/>
								<line number="951" hits="0" branch="false"/>
								<line number="952" hits="0" branch="false"/>
								<line number="954" hits="0" branch="false"/>
								<line number="955" hits="0" branch="false"/>
								<line number="956" hits="0" branch="false"/>
								<line number="957" hits="0" branch="false"/>
								<line number="958" hits="0" branch="false"/>
								<line number="959" hits="0" branch="true" condition-coverage="0% (0/2)">
									<conditions>
										<condition number="0" type="jump" coverage="0%"/>
									</conditions>
								</line>
								<line number="960" hits="0" branch="false"/>
								<line number="961" hits="0" branch="false"/>
								<line number="963" hits="0" branch="true" condition-coverage="0% (0/2)">
									<conditions>
										<condition number="0" type="jump" coverage="0%"/>
									</conditions>
								</line>
								<line number="966" hits="0" branch="true" condition-coverage="0% (0/2)">
									<conditions>
										<condition number="0" type="jump" coverage="0%"/>
									</conditions>
								</line>
								<line number="967" hits="0" branch="false"/>
								<line number="968" hits="0" branch="true" condition-coverage="0% (0/2)">
									<conditions>
										<condition number="0" type="jump" coverage="0%"/>
									</conditions>
								</line>
								<line number="969" hits="0" branch="false"/>
								<line number="971" hits="0" branch="false"/>
								<line number="974" hits="0" branch="true" condition-coverage="0% (0/2)">
									<conditions>
										<condition number="0" type="jump" coverage="0%"/>
									</conditions>
								</line>
								<line number="975" hits="0" branch="false"/>
								<line number="982" hits="0" branch="false"/>
								<line number="984" hits="0" branch="false"/>
								<line number="988" hits="0" branch="false"/>
								<line number="989" hits="0" branch="false"/>
								<line number="990" hits="0" branch="false"/>
							</lines>
						</method>
						<method name="decode4to3" signature="([BI[BII)I" line-rate="0.0" branch-rate="0.0" complexity="0">
							<lines>
								<line number="868" hits="0" branch="false"/>
								<line number="871" hits="0" branch="true" condition-coverage="0% (0/2)">
									<conditions>
										<condition number="0" type="jump" coverage="0%"/>
									</conditions>
								</line>
								<line number="876" hits="0" branch="false"/>
								<line number="879" hits="0" branch="false"/>
								<line number="880" hits="0" branch="false"/>
								<line number="884" hits="0" branch="true" condition-coverage="0% (0/2)">
									<conditions>
										<condition number="0" type="jump" coverage="0%"/>
									</conditions>
								</line>
								<line number="890" hits="0" branch="false"/>
								<line number="894" hits="0" branch="false"/>
								<line number="895" hits="0" branch="false"/>
								<line number="896" hits="0" branch="false"/>
								<line number="909" hits="0" branch="false"/>
								<line number="914" hits="0" branch="false"/>
								<line number="915" hits="0" branch="false"/>
								<line number="916" hits="0" branch="false"/>
								<line number="918" hits="0" branch="false"/>
								<line number="919" hits="0" branch="false"/>
								<line number="920" hits="0" branch="false"/>
								<line number="922" hits="0" branch="false"/>
								<line number="924" hits="0" branch="false"/>
								<line number="926" hits="0" branch="false"/>
								<line number="928" hits="0" branch="false"/>
							</lines>
						</method>
						<method name="decodeFileToFile" signature="(Ljava/lang/String;Ljava/lang/String;)Z" line-rate="0.0" branch-rate="0.0" complexity="0">
							<lines>
								<line number="1349" hits="0" branch="false"/>
								<line number="1350" hits="0" branch="false"/>
								<line number="1351" hits="0" branch="false"/>
								<line number="1353" hits="0" branch="false"/>
								<line number="1355" hits="0" branch="false"/>
								<line number="1357" hits="0" branch="false"/>
								<line number="1358" hits="0" branch="false"/>
								<line number="1359" hits="0" branch="true" condition-coverage="0% (0/2)">
									<conditions>
										<condition number="0" type="jump" coverage="0%"/>
									</conditions>
								</line>
								<line number="1360" hits="0" branch="false"/>
								<line number="1362" hits="0" branch="false"/>
								<line number="1363" hits="0" branch="false"/>
								<line number="1364" hits="0" branch="false"/>
								<line number="1366" hits="0" branch="false"/>
								<line number="1367" hits="0" branch="false"/>
								<line number="1368" hits="0" branch="false"/>
								<line number="1369" hits="0" branch="false"/>
								<line number="1371" hits="0" branch="false"/>
								<line number="1372" hits="0" branch="false"/>
								<line number="1373" hits="0" branch="false"/>
								<line number="1374" hits="0" branch="false"/>
								<line number="1376" hits="0" branch="false"/>
							</lines>
						</method>
						<method name="decodeFromFile" signature="(Ljava/lang/String;)[B" line-rate="0.0" branch-rate="0.0" complexity="0">
							<lines>
								<line number="1201" hits="0" branch="false"/>
								<line number="1202" hits="0" branch="false"/>
								<line number="1205" hits="0" branch="false"/>
								<line number="1206" hits="0" branch="false"/>
								<line number="1207" hits="0" branch="false"/>
								<line number="1208" hits="0" branch="false"/>
								<line number="1211" hits="0" branch="true" condition-coverage="0% (0/2)">
									<conditions>
										<condition number="0" type="jump" coverage="0%"/>
									</conditions>
								</line>
								<line number="1212" hits="0" branch="false"/>
								<line number="1213" hits="0" branch="false"/>
								<line number="1214" hits="0" branch="false"/>
								<line number="1215" hits="0" branch="false"/>
								<line number="1217" hits="0" branch="false"/>
								<line number="1220" hits="0" branch="false"/>
								<line number="1224" hits="0" branch="true" condition-coverage="0% (0/2)">
									<conditions>
										<condition number="0" type="jump" coverage="0%"/>
									</conditions>
								</line>
								<line number="1225" hits="0" branch="false"/>
								<line number="1228" hits="0" branch="false"/>
								<line number="1229" hits="0" branch="false"/>
								<line number="1232" hits="0" branch="false"/>
								<line number="1233" hits="0" branch="false"/>
								<line number="1236" hits="0" branch="false"/>
								<line number="1237" hits="0" branch="false"/>
								<line number="1238" hits="0" branch="false"/>
								<line number="1239" hits="0" branch="false"/>
								<line number="1240" hits="0" branch="false"/>
								<line number="1242" hits="0" branch="false"/>
							</lines>
						</method>
						<method name="decodeToFile" signature="(Ljava/lang/String;Ljava/lang/String;)Z" line-rate="0.0" branch-rate="1.0" complexity="0">
							<lines>
								<line number="1170" hits="0" branch="false"/>
								<line number="1171" hits="0" branch="false"/>
								<line number="1173" hits="0" branch="false"/>
								<line number="1175" hits="0" branch="false"/>
								<line number="1176" hits="0" branch="false"/>
								<line number="1178" hits="0" branch="false"/>
								<line number="1179" hits="0" branch="false"/>
								<line number="1182" hits="0" branch="false"/>
								<line number="1183" hits="0" branch="false"/>
								<line number="1184" hits="0" branch="false"/>
								<line number="1185" hits="0" branch="false"/>
								<line number="1186" hits="0" branch="false"/>
								<line number="1188" hits="0" branch="false"/>
							</lines>
						</method>
						<method name="decodeToObject" signature="(Ljava/lang/String;)Ljava/lang/Object;" line-rate="0.0" branch-rate="1.0" complexity="0">
							<lines>
								<line number="1090" hits="0" branch="false"/>
								<line number="1092" hits="0" branch="false"/>
								<line number="1093" hits="0" branch="false"/>
								<line number="1094" hits="0" branch="false"/>
								<line number="1097" hits="0" branch="false"/>
								<line number="1098" hits="0" branch="false"/>
								<line number="1100" hits="0" branch="false"/>
								<line number="1102" hits="0" branch="false"/>
								<line number="1103" hits="0" branch="false"/>
								<line number="1104" hits="0" branch="false"/>
								<line number="1106" hits="0" branch="false"/>
								<line number="1107" hits="0" branch="false"/>
								<line number="1108" hits="0" branch="false"/>
								<line number="1111" hits="0" branch="false"/>
								<line number="1112" hits="0" branch="false"/>
								<line number="1113" hits="0" branch="false"/>
								<line number="1114" hits="0" branch="false"/>
								<line number="1116" hits="0" branch="false"/>
								<line number="1117" hits="0" branch="false"/>
								<line number="1118" hits="0" branch="false"/>
								<line number="1119" hits="0" branch="false"/>
								<line number="1121" hits="0" branch="false"/>
							</lines>
						</method>
						<method name="encode3to4" signature="([BII[BII)[B" line-rate="0.0" branch-rate="0.0" complexity="0">
							<lines>
								<line number="509" hits="0" branch="false"/>
								<line number="523" hits="0" branch="true" condition-coverage="0% (0/6)">
									<conditions>
										<condition number="0" type="jump" coverage="0%"/>
										<condition number="1" type="jump" coverage="0%"/>
										<condition number="2" type="jump" coverage="0%"/>
									</conditions>
								</line>
								<line number="527" hits="0" branch="true" condition-coverage="0% (0/4)">
									<conditions>
										<condition number="0" type="switch" coverage="0%"/>
									</conditions>
								</line>
								<line number="529" hits="0" branch="false"/>
								<line number="530" hits="0" branch="false"/>
								<line number="531" hits="0" branch="false"/>
								<line number="532" hits="0" branch="false"/>
								<line number="533" hits="0" branch="false"/>
								<line number="536" hits="0" branch="false"/>
								<line number="537" hits="0" branch="false"/>
								<line number="538" hits="0" branch="false"/>
								<line number="539" hits="0" branch="false"/>
								<line number="540" hits="0" branch="false"/>
								<line number="543" hits="0" branch="false"/>
								<line number="544" hits="0" branch="false"/>
								<line number="545" hits="0" branch="false"/>
								<line number="546" hits="0" branch="false"/>
								<line number="547" hits="0" branch="false"/>
								<line number="550" hits="0" branch="false"/>
							</lines>
						</method>
						<method name="encode3to4" signature="([B[BII)[B" line-rate="0.0" branch-rate="1.0" complexity="0">
							<lines>
								<line number="473" hits="0" branch="false"/>
								<line number="474" hits="0" branch="false"/>
							</lines>
						</method>
						<method name="encodeBytes" signature="([B)Ljava/lang/String;" line-rate="0.0" branch-rate="1.0" complexity="0">
							<lines>
								<line number="664" hits="0" branch="false"/>
							</lines>
						</method>
						<method name="encodeBytes" signature="([BI)Ljava/lang/String;" line-rate="0.0" branch-rate="1.0" complexity="0">
							<lines>
								<line number="693" hits="0" branch="false"/>
							</lines>
						</method>
						<method name="encodeBytes" signature="([BII)Ljava/lang/String;" line-rate="0.0" branch-rate="1.0" complexity="0">
							<lines>
								<line number="708" hits="0" branch="false"/>
							</lines>
						</method>
						<method name="encodeBytes" signature="([BIII)Ljava/lang/String;" line-rate="0.0" branch-rate="0.0" complexity="0">
							<lines>
								<line number="746" hits="0" branch="false"/>
								<line number="747" hits="0" branch="false"/>
								<line number="750" hits="0" branch="true" condition-coverage="0% (0/2)">
									<conditions>
										<condition number="0" type="jump" coverage="0%"/>
									</conditions>
								</line>
								<line number="751" hits="0" branch="false"/>
								<line number="752" hits="0" branch="false"/>
								<line number="753" hits="0" branch="false"/>
								<line number="757" hits="0" branch="false"/>
								<line number="758" hits="0" branch="false"/>
								<line number="759" hits="0" branch="false"/>
								<line number="761" hits="0" branch="false"/>
								<line number="762" hits="0" branch="false"/>
								<line number="764" hits="0" branch="false"/>
								<line number="765" hits="0" branch="false"/>
								<line number="766" hits="0" branch="false"/>
								<line number="769" hits="0" branch="false"/>
								<line number="770" hits="0" branch="false"/>
								<line number="771" hits="0" branch="false"/>
								<line number="772" hits="0" branch="false"/>
								<line number="774" hits="0" branch="false"/>
								<line number="775" hits="0" branch="false"/>
								<line number="776" hits="0" branch="false"/>
								<line number="778" hits="0" branch="false"/>
								<line number="779" hits="0" branch="false"/>
								<line number="780" hits="0" branch="false"/>
								<line number="781" hits="0" branch="false"/>
								<line number="785" hits="0" branch="false"/>
								<line number="787" hits="0" branch="false"/>
								<line number="788" hits="0" branch="false"/>
								<line number="795" hits="0" branch="true" condition-coverage="0% (0/2)">
									<conditions>
										<condition number="0" type="jump" coverage="0%"/>
									</conditions>
								</line>
								<line number="797" hits="0" branch="false"/>
								<line number="798" hits="0" branch="true" condition-coverage="0% (0/4)">
									<conditions>
										<condition number="0" type="jump" coverage="0%"/>
										<condition number="1" type="jump" coverage="0%"/>
									</conditions>
								</line>
								<line number="802" hits="0" branch="false"/>
								<line number="803" hits="0" branch="false"/>
								<line number="804" hits="0" branch="false"/>
								<line number="805" hits="0" branch="false"/>
								<line number="806" hits="0" branch="true" condition-coverage="0% (0/2)">
									<conditions>
										<condition number="0" type="jump" coverage="0%"/>
									</conditions>
								</line>
								<line number="807" hits="0" branch="false"/>
								<line number="809" hits="0" branch="false"/>
								<line number="810" hits="0" branch="true" condition-coverage="0% (0/4)">
									<conditions>
										<condition number="0" type="jump" coverage="0%"/>
										<condition number="1" type="jump" coverage="0%"/>
									</conditions>
								</line>
								<line number="811" hits="0" branch="false"/>
								<line number="812" hits="0" branch="false"/>
								<line number="813" hits="0" branch="false"/>
								<line number="817" hits="0" branch="true" condition-coverage="0% (0/2)">
									<conditions>
										<condition number="0" type="jump" coverage="0%"/>
									</conditions>
								</line>
								<line number="818" hits="0" branch="false"/>
								<line number="819" hits="0" branch="false"/>
								<line number="824" hits="0" branch="false"/>
								<line number="826" hits="0" branch="false"/>
								<line number="827" hits="0" branch="false"/>
							</lines>
						</method>
						<method name="encodeFileToFile" signature="(Ljava/lang/String;Ljava/lang/String;)Z" line-rate="0.0" branch-rate="0.0" complexity="0">
							<lines>
								<line number="1308" hits="0" branch="false"/>
								<line number="1309" hits="0" branch="false"/>
								<line number="1310" hits="0" branch="false"/>
								<line number="1312" hits="0" branch="false"/>
								<line number="1314" hits="0" branch="false"/>
								<line number="1316" hits="0" branch="false"/>
								<line number="1317" hits="0" branch="false"/>
								<line number="1318" hits="0" branch="true" condition-coverage="0% (0/2)">
									<conditions>
										<condition number="0" type="jump" coverage="0%"/>
									</conditions>
								</line>
								<line number="1319" hits="0" branch="false"/>
								<line number="1321" hits="0" branch="false"/>
								<line number="1322" hits="0" branch="false"/>
								<line number="1323" hits="0" branch="false"/>
								<line number="1325" hits="0" branch="false"/>
								<line number="1326" hits="0" branch="false"/>
								<line number="1327" hits="0" branch="false"/>
								<line number="1328" hits="0" branch="false"/>
								<line number="1330" hits="0" branch="false"/>
								<line number="1331" hits="0" branch="false"/>
								<line number="1332" hits="0" branch="false"/>
								<line number="1333" hits="0" branch="false"/>
								<line number="1335" hits="0" branch="false"/>
							</lines>
						</method>
						<method name="encodeFromFile" signature="(Ljava/lang/String;)Ljava/lang/String;" line-rate="0.0" branch-rate="0.0" complexity="0">
							<lines>
								<line number="1255" hits="0" branch="false"/>
								<line number="1256" hits="0" branch="false"/>
								<line number="1259" hits="0" branch="false"/>
								<line number="1260" hits="0" branch="false"/>
								<line number="1268" hits="0" branch="false"/>
								<line number="1269" hits="0" branch="false"/>
								<line number="1272" hits="0" branch="false"/>
								<line number="1276" hits="0" branch="true" condition-coverage="0% (0/2)">
									<conditions>
										<condition number="0" type="jump" coverage="0%"/>
									</conditions>
								</line>
								<line number="1277" hits="0" branch="false"/>
								<line number="1280" hits="0" branch="false"/>
								<line number="1284" hits="0" branch="false"/>
								<line number="1285" hits="0" branch="false"/>
								<line number="1288" hits="0" branch="false"/>
								<line number="1289" hits="0" branch="false"/>
								<line number="1290" hits="0" branch="false"/>
								<line number="1291" hits="0" branch="false"/>
								<line number="1292" hits="0" branch="false"/>
								<line number="1294" hits="0" branch="false"/>
							</lines>
						</method>
						<method name="encodeObject" signature="(Ljava/io/Serializable;)Ljava/lang/String;" line-rate="0.0" branch-rate="1.0" complexity="0">
							<lines>
								<line number="566" hits="0" branch="false"/>
							</lines>
						</method>
						<method name="encodeObject" signature="(Ljava/io/Serializable;I)Ljava/lang/String;" line-rate="0.0" branch-rate="0.0" complexity="0">
							<lines>
								<line number="599" hits="0" branch="false"/>
								<line number="600" hits="0" branch="false"/>
								<line number="601" hits="0" branch="false"/>
								<line number="602" hits="0" branch="false"/>
								<line number="605" hits="0" branch="false"/>
								<line number="606" hits="0" branch="false"/>
								<line number="610" hits="0" branch="false"/>
								<line number="611" hits="0" branch="false"/>
								<line number="614" hits="0" branch="true" condition-coverage="0% (0/2)">
									<conditions>
										<condition number="0" type="jump" coverage="0%"/>
									</conditions>
								</line>
								<line number="615" hits="0" branch="false"/>
								<line number="616" hits="0" branch="false"/>
								<line number="619" hits="0" branch="false"/>
								<line number="621" hits="0" branch="false"/>
								<line number="623" hits="0" branch="false"/>
								<line number="624" hits="0" branch="false"/>
								<line number="625" hits="0" branch="false"/>
								<line number="628" hits="0" branch="false"/>
								<line number="629" hits="0" branch="false"/>
								<line number="630" hits="0" branch="false"/>
								<line number="631" hits="0" branch="false"/>
								<line number="633" hits="0" branch="false"/>
								<line number="634" hits="0" branch="false"/>
								<line number="635" hits="0" branch="false"/>
								<line number="637" hits="0" branch="false"/>
								<line number="638" hits="0" branch="false"/>
								<line number="639" hits="0" branch="false"/>
								<line number="641" hits="0" branch="false"/>
								<line number="642" hits="0" branch="false"/>
								<line number="643" hits="0" branch="false"/>
								<line number="644" hits="0" branch="false"/>
								<line number="648" hits="0" branch="false"/>
								<line number="650" hits="0" branch="false"/>
								<line number="651" hits="0" branch="false"/>
							</lines>
						</method>
						<method name="encodeToFile" signature="([BLjava/lang/String;)Z" line-rate="0.0" branch-rate="1.0" complexity="0">
							<lines>
								<line number="1136" hits="0" branch="false"/>
								<line number="1137" hits="0" branch="false"/>
								<line number="1139" hits="0" branch="false"/>
								<line number="1141" hits="0" branch="false"/>
								<line number="1142" hits="0" branch="false"/>
								<line number="1144" hits="0" branch="false"/>
								<line number="1146" hits="0" branch="false"/>
								<line number="1149" hits="0" branch="false"/>
								<line number="1150" hits="0" branch="false"/>
								<line number="1151" hits="0" branch="false"/>
								<line number="1152" hits="0" branch="false"/>
								<line number="1153" hits="0" branch="false"/>
								<line number="1155" hits="0" branch="false"/>
							</lines>
						</method>
						<method name="getAlphabet" signature="(I)[B" line-rate="0.0" branch-rate="0.0" complexity="0">
							<lines>
								<line number="387" hits="0" branch="true" condition-coverage="0% (0/2)">
									<conditions>
										<condition number="0" type="jump" coverage="0%"/>
									</conditions>
								</line>
								<line number="388" hits="0" branch="false"/>
								<line number="389" hits="0" branch="true" condition-coverage="0% (0/2)">
									<conditions>
										<condition number="0" type="jump" coverage="0%"/>
									</conditions>
								</line>
								<line number="390" hits="0" branch="false"/>
								<line number="392" hits="0" branch="false"/>
							</lines>
						</method>
						<method name="getDecodabet" signature="(I)[B" line-rate="0.0" branch-rate="0.0" complexity="0">
							<lines>
								<line number="403" hits="0" branch="true" condition-coverage="0% (0/2)">
									<conditions>
										<condition number="0" type="jump" coverage="0%"/>
									</conditions>
								</line>
								<line number="404" hits="0" branch="false"/>
								<line number="405" hits="0" branch="true" condition-coverage="0% (0/2)">
									<conditions>
										<condition number="0" type="jump" coverage="0%"/>
									</conditions>
								</line>
								<line number="406" hits="0" branch="false"/>
								<line number="408" hits="0" branch="false"/>
							</lines>
						</method>
						<method name="usage" signature="(Ljava/lang/String;)V" line-rate="0.0" branch-rate="1.0" complexity="0">
							<lines>
								<line number="448" hits="0" branch="false"/>
								<line number="449" hits="0" branch="false"/>
								<line number="450" hits="0" branch="false"/>
							</lines>
						</method>
					</methods>
					<lines>
						<line number="109" hits="0" branch="false"/>
						<line number="176" hits="0" branch="false"/>
						<line number="195" hits="0" branch="false"/>
						<line number="245" hits="0" branch="false"/>
						<line number="263" hits="0" branch="false"/>
						<line number="315" hits="0" branch="false"/>
						<line number="333" hits="0" branch="false"/>
						<line number="387" hits="0" branch="true" condition-coverage="0% (0/2)">
							<conditions>
								<condition number="0" type="jump" coverage="0%"/>
							</conditions>
						</line>
						<line number="388" hits="0" branch="false"/>
						<line number="389" hits="0" branch="true" condition-coverage="0% (0/2)">
							<conditions>
								<condition number="0" type="jump" coverage="0%"/>
							</conditions>
						</line>
						<line number="390" hits="0" branch="false"/>
						<line number="392" hits="0" branch="false"/>
						<line number="403" hits="0" branch="true" condition-coverage="0% (0/2)">
							<conditions>
								<condition number="0" type="jump" coverage="0%"/>
							</conditions>
						</line>
						<line number="404" hits="0" branch="false"/>
						<line number="405" hits="0" branch="true" condition-coverage="0% (0/2)">
							<conditions>
								<condition number="0" type="jump" coverage="0%"/>
							</conditions>
						</line>
						<line number="406" hits="0" branch="false"/>
						<line number="408" hits="0" branch="false"/>
						<line number="413" hits="0" branch="false"/>
						<line number="414" hits="0" branch="false"/>
						<line number="448" hits="0" branch="false"/>
						<line number="449" hits="0" branch="false"/>
						<line number="450" hits="0" branch="false"/>
						<line number="473" hits="0" branch="false"/>
						<line number="474" hits="0" branch="false"/>
						<line number="509" hits="0" branch="false"/>
						<line number="523" hits="0" branch="true" condition-coverage="0% (0/6)">
							<conditions>
								<condition number="0" type="jump" coverage="0%"/>
								<condition number="1" type="jump" coverage="0%"/>
								<condition number="2" type="jump" coverage="0%"/>
							</conditions>
						</line>
						<line number="527" hits="0" branch="true" condition-coverage="0% (0/4)">
							<conditions>
								<condition number="0" type="switch" coverage="0%"/>
							</conditions>
						</line>
						<line number="529" hits="0" branch="false"/>
						<line number="530" hits="0" branch="false"/>
						<line number="531" hits="0" branch="false"/>
						<line number="532" hits="0" branch="false"/>
						<line number="533" hits="0" branch="false"/>
						<line number="536" hits="0" branch="false"/>
						<line number="537" hits="0" branch="false"/>
						<line number="538" hits="0" branch="false"/>
						<line number="539" hits="0" branch="false"/>
						<line number="540" hits="0" branch="false"/>
						<line number="543" hits="0" branch="false"/>
						<line number="544" hits="0" branch="false"/>
						<line number="545" hits="0" branch="false"/>
						<line number="546" hits="0" branch="false"/>
						<line number="547" hits="0" branch="false"/>
						<line number="550" hits="0" branch="false"/>
						<line number="566" hits="0" branch="false"/>
						<line number="599" hits="0" branch="false"/>
						<line number="600" hits="0" branch="false"/>
						<line number="601" hits="0" branch="false"/>
						<line number="602" hits="0" branch="false"/>
						<line number="605" hits="0" branch="false"/>
						<line number="606" hits="0" branch="false"/>
						<line number="610" hits="0" branch="false"/>
						<line number="611" hits="0" branch="false"/>
						<line number="614" hits="0" branch="true" condition-coverage="0% (0/2)">
							<conditions>
								<condition number="0" type="jump" coverage="0%"/>
							</conditions>
						</line>
						<line number="615" hits="0" branch="false"/>
						<line number="616" hits="0" branch="false"/>
						<line number="619" hits="0" branch="false"/>
						<line number="621" hits="0" branch="false"/>
						<line number="623" hits="0" branch="false"/>
						<line number="624" hits="0" branch="false"/>
						<line number="625" hits="0" branch="false"/>
						<line number="628" hits="0" branch="false"/>
						<line number="629" hits="0" branch="false"/>
						<line number="630" hits="0" branch="false"/>
						<line number="631" hits="0" branch="false"/>
						<line number="633" hits="0" branch="false"/>
						<line number="634" hits="0" branch="false"/>
						<line number="635" hits="0" branch="false"/>
						<line number="637" hits="0" branch="false"/>
						<line number="638" hits="0" branch="false"/>
						<line number="639" hits="0" branch="false"/>
						<line number="641" hits="0" branch="false"/>
						<line number="642" hits="0" branch="false"/>
						<line number="643" hits="0" branch="false"/>
						<line number="644" hits="0" branch="false"/>
						<line number="648" hits="0" branch="false"/>
						<line number="650" hits="0" branch="false"/>
						<line number="651" hits="0" branch="false"/>
						<line number="664" hits="0" branch="false"/>
						<line number="693" hits="0" branch="false"/>
						<line number="708" hits="0" branch="false"/>
						<line number="746" hits="0" branch="false"/>
						<line number="747" hits="0" branch="false"/>
						<line number="750" hits="0" branch="true" condition-coverage="0% (0/2)">
							<conditions>
								<condition number="0" type="jump" coverage="0%"/>
							</conditions>
						</line>
						<line number="751" hits="0" branch="false"/>
						<line number="752" hits="0" branch="false"/>
						<line number="753" hits="0" branch="false"/>
						<line number="757" hits="0" branch="false"/>
						<line number="758" hits="0" branch="false"/>
						<line number="759" hits="0" branch="false"/>
						<line number="761" hits="0" branch="false"/>
						<line number="762" hits="0" branch="false"/>
						<line number="764" hits="0" branch="false"/>
						<line number="765" hits="0" branch="false"/>
						<line number="766" hits="0" branch="false"/>
						<line number="769" hits="0" branch="false"/>
						<line number="770" hits="0" branch="false"/>
						<line number="771" hits="0" branch="false"/>
						<line number="772" hits="0" branch="false"/>
						<line number="774" hits="0" branch="false"/>
						<line number="775" hits="0" branch="false"/>
						<line number="776" hits="0" branch="false"/>
						<line number="778" hits="0" branch="false"/>
						<line number="779" hits="0" branch="false"/>
						<line number="780" hits="0" branch="false"/>
						<line number="781" hits="0" branch="false"/>
						<line number="785" hits="0" branch="false"/>
						<line number="787" hits="0" branch="false"/>
						<line number="788" hits="0" branch="false"/>
						<line number="795" hits="0" branch="true" condition-coverage="0% (0/2)">
							<conditions>
								<condition number="0" type="jump" coverage="0%"/>
							</conditions>
						</line>
						<line number="797" hits="0" branch="false"/>
						<line number="798" hits="0" branch="true" condition-coverage="0% (0/4)">
							<conditions>
								<condition number="0" type="jump" coverage="0%"/>
								<condition number="1" type="jump" coverage="0%"/>
							</conditions>
						</line>
						<line number="802" hits="0" branch="false"/>
						<line number="803" hits="0" branch="false"/>
						<line number="804" hits="0" branch="false"/>
						<line number="805" hits="0" branch="false"/>
						<line number="806" hits="0" branch="true" condition-coverage="0% (0/2)">
							<conditions>
								<condition number="0" type="jump" coverage="0%"/>
							</conditions>
						</line>
						<line number="807" hits="0" branch="false"/>
						<line number="809" hits="0" branch="false"/>
						<line number="810" hits="0" branch="true" condition-coverage="0% (0/4)">
							<conditions>
								<condition number="0" type="jump" coverage="0%"/>
								<condition number="1" type="jump" coverage="0%"/>
							</conditions>
						</line>
						<line number="811" hits="0" branch="false"/>
						<line number="812" hits="0" branch="false"/>
						<line number="813" hits="0" branch="false"/>
						<line number="817" hits="0" branch="true" condition-coverage="0% (0/2)">
							<conditions>
								<condition number="0" type="jump" coverage="0%"/>
							</conditions>
						</line>
						<line number="818" hits="0" branch="false"/>
						<line number="819" hits="0" branch="false"/>
						<line number="824" hits="0" branch="false"/>
						<line number="826" hits="0" branch="false"/>
						<line number="827" hits="0" branch="false"/>
						<line number="868" hits="0" branch="false"/>
						<line number="871" hits="0" branch="true" condition-coverage="0% (0/2)">
							<conditions>
								<condition number="0" type="jump" coverage="0%"/>
							</conditions>
						</line>
						<line number="876" hits="0" branch="false"/>
						<line number="879" hits="0" branch="false"/>
						<line number="880" hits="0" branch="false"/>
						<line number="884" hits="0" branch="true" condition-coverage="0% (0/2)">
							<conditions>
								<condition number="0" type="jump" coverage="0%"/>
							</conditions>
						</line>
						<line number="890" hits="0" branch="false"/>
						<line number="894" hits="0" branch="false"/>
						<line number="895" hits="0" branch="false"/>
						<line number="896" hits="0" branch="false"/>
						<line number="909" hits="0" branch="false"/>
						<line number="914" hits="0" branch="false"/>
						<line number="915" hits="0" branch="false"/>
						<line number="916" hits="0" branch="false"/>
						<line number="918" hits="0" branch="false"/>
						<line number="919" hits="0" branch="false"/>
						<line number="920" hits="0" branch="false"/>
						<line number="922" hits="0" branch="false"/>
						<line number="924" hits="0" branch="false"/>
						<line number="926" hits="0" branch="false"/>
						<line number="928" hits="0" branch="false"/>
						<line number="948" hits="0" branch="false"/>
						<line number="950" hits="0" branch="false"/>
						<line number="951" hits="0" branch="false"/>
						<line number="952" hits="0" branch="false"/>
						<line number="954" hits="0" branch="false"/>
						<line number="955" hits="0" branch="false"/>
						<line number="956" hits="0" branch="false"/>
						<line number="957" hits="0" branch="false"/>
						<line number="958" hits="0" branch="false"/>
						<line number="959" hits="0" branch="true" condition-coverage="0% (0/2)">
							<conditions>
								<condition number="0" type="jump" coverage="0%"/>
							</conditions>
						</line>
						<line number="960" hits="0" branch="false"/>
						<line number="961" hits="0" branch="false"/>
						<line number="963" hits="0" branch="true" condition-coverage="0% (0/2)">
							<conditions>
								<condition number="0" type="jump" coverage="0%"/>
							</conditions>
						</line>
						<line number="966" hits="0" branch="true" condition-coverage="0% (0/2)">
							<conditions>
								<condition number="0" type="jump" coverage="0%"/>
							</conditions>
						</line>
						<line number="967" hits="0" branch="false"/>
						<line number="968" hits="0" branch="true" condition-coverage="0% (0/2)">
							<conditions>
								<condition number="0" type="jump" coverage="0%"/>
							</conditions>
						</line>
						<line number="969" hits="0" branch="false"/>
						<line number="971" hits="0" branch="false"/>
						<line number="974" hits="0" branch="true" condition-coverage="0% (0/2)">
							<conditions>
								<condition number="0" type="jump" coverage="0%"/>
							</conditions>
						</line>
						<line number="975" hits="0" branch="false"/>
						<line number="982" hits="0" branch="false"/>
						<line number="984" hits="0" branch="false"/>
						<line number="988" hits="0" branch="false"/>
						<line number="989" hits="0" branch="false"/>
						<line number="990" hits="0" branch="false"/>
						<line number="1003" hits="0" branch="false"/>
						<line number="1020" hits="0" branch="false"/>
						<line number="1022" hits="0" branch="false"/>
						<line number="1023" hits="0" branch="false"/>
						<line number="1024" hits="0" branch="false"/>
						<line number="1028" hits="0" branch="false"/>
						<line number="1032" hits="0" branch="true" condition-coverage="0% (0/4)">
							<conditions>
								<condition number="0" type="jump" coverage="0%"/>
								<condition number="1" type="jump" coverage="0%"/>
							</conditions>
						</line>
						<line number="1034" hits="0" branch="false"/>
						<line number="1035" hits="0" branch="true" condition-coverage="0% (0/2)">
							<conditions>
								<condition number="0" type="jump" coverage="0%"/>
							</conditions>
						</line>
						<line number="1036" hits="0" branch="false"/>
						<line number="1037" hits="0" branch="false"/>
						<line number="1038" hits="0" branch="false"/>
						<line number="1039" hits="0" branch="false"/>
						<line number="1040" hits="0" branch="false"/>
						<line number="1043" hits="0" branch="false"/>
						<line number="1044" hits="0" branch="false"/>
						<line number="1045" hits="0" branch="false"/>
						<line number="1047" hits="0" branch="true" condition-coverage="0% (0/2)">
							<conditions>
								<condition number="0" type="jump" coverage="0%"/>
							</conditions>
						</line>
						<line number="1048" hits="0" branch="false"/>
						<line number="1052" hits="0" branch="false"/>
						<line number="1055" hits="0" branch="false"/>
						<line number="1059" hits="0" branch="false"/>
						<line number="1060" hits="0" branch="false"/>
						<line number="1061" hits="0" branch="false"/>
						<line number="1062" hits="0" branch="false"/>
						<line number="1064" hits="0" branch="false"/>
						<line number="1065" hits="0" branch="false"/>
						<line number="1066" hits="0" branch="false"/>
						<line number="1068" hits="0" branch="false"/>
						<line number="1069" hits="0" branch="false"/>
						<line number="1070" hits="0" branch="false"/>
						<line number="1071" hits="0" branch="false"/>
						<line number="1076" hits="0" branch="false"/>
						<line number="1090" hits="0" branch="false"/>
						<line number="1092" hits="0" branch="false"/>
						<line number="1093" hits="0" branch="false"/>
						<line number="1094" hits="0" branch="false"/>
						<line number="1097" hits="0" branch="false"/>
						<line number="1098" hits="0" branch="false"/>
						<line number="1100" hits="0" branch="false"/>
						<line number="1102" hits="0" branch="false"/>
						<line number="1103" hits="0" branch="false"/>
						<line number="1104" hits="0" branch="false"/>
						<line number="1106" hits="0" branch="false"/>
						<line number="1107" hits="0" branch="false"/>
						<line number="1108" hits="0" branch="false"/>
						<line number="1111" hits="0" branch="false"/>
						<line number="1112" hits="0" branch="false"/>
						<line number="1113" hits="0" branch="false"/>
						<line number="1114" hits="0" branch="false"/>
						<line number="1116" hits="0" branch="false"/>
						<line number="1117" hits="0" branch="false"/>
						<line number="1118" hits="0" branch="false"/>
						<line number="1119" hits="0" branch="false"/>
						<line number="1121" hits="0" branch="false"/>
						<line number="1136" hits="0" branch="false"/>
						<line number="1137" hits="0" branch="false"/>
						<line number="1139" hits="0" branch="false"/>
						<line number="1141" hits="0" branch="false"/>
						<line number="1142" hits="0" branch="false"/>
						<line number="1144" hits="0" branch="false"/>
						<line number="1146" hits="0" branch="false"/>
						<line number="1149" hits="0" branch="false"/>
						<line number="1150" hits="0" branch="false"/>
						<line number="1151" hits="0" branch="false"/>
						<line number="1152" hits="0" branch="false"/>
						<line number="1153" hits="0" branch="false"/>
						<line number="1155" hits="0" branch="false"/>
						<line number="1170" hits="0" branch="false"/>
						<line number="1171" hits="0" branch="false"/>
						<line number="1173" hits="0" branch="false"/>
						<line number="1175" hits="0" branch="false"/>
						<line number="1176" hits="0" branch="false"/>
						<line number="1178" hits="0" branch="false"/>
						<line number="1179" hits="0" branch="false"/>
						<line number="1182" hits="0" branch="false"/>
						<line number="1183" hits="0" branch="false"/>
						<line number="1184" hits="0" branch="false"/>
						<line number="1185" hits="0" branch="false"/>
						<line number="1186" hits="0" branch="false"/>
						<line number="1188" hits="0" branch="false"/>
						<line number="1201" hits="0" branch="false"/>
						<line number="1202" hits="0" branch="false"/>
						<line number="1205" hits="0" branch="false"/>
						<line number="1206" hits="0" branch="false"/>
						<line number="1207" hits="0" branch="false"/>
						<line number="1208" hits="0" branch="false"/>
						<line number="1211" hits="0" branch="true" condition-coverage="0% (0/2)">
							<conditions>
								<condition number="0" type="jump" coverage="0%"/>
							</conditions>
						</line>
						<line number="1212" hits="0" branch="false"/>
						<line number="1213" hits="0" branch="false"/>
						<line number="1214" hits="0" branch="false"/>
						<line number="1215" hits="0" branch="false"/>
						<line number="1217" hits="0" branch="false"/>
						<line number="1220" hits="0" branch="false"/>
						<line number="1224" hits="0" branch="true" condition-coverage="0% (0/2)">
							<conditions>
								<condition number="0" type="jump" coverage="0%"/>
							</conditions>
						</line>
						<line number="1225" hits="0" branch="false"/>
						<line number="1228" hits="0" branch="false"/>
						<line number="1229" hits="0" branch="false"/>
						<line number="1232" hits="0" branch="false"/>
						<line number="1233" hits="0" branch="false"/>
						<line number="1236" hits="0" branch="false"/>
						<line number="1237" hits="0" branch="false"/>
						<line number="1238" hits="0" branch="false"/>
						<line number="1239" hits="0" branch="false"/>
						<line number="1240" hits="0" branch="false"/>
						<line number="1242" hits="0" branch="false"/>
						<line number="1255" hits="0" branch="false"/>
						<line number="1256" hits="0" branch="false"/>
						<line number="1259" hits="0" branch="false"/>
						<line number="1260" hits="0" branch="false"/>
						<line number="1268" hits="0" branch="false"/>
						<line number="1269" hits="0" branch="false"/>
						<line number="1272" hits="0" branch="false"/>
						<line number="1276" hits="0" branch="true" condition-coverage="0% (0/2)">
							<conditions>
								<condition number="0" type="jump" coverage="0%"/>
							</conditions>
						</line>
						<line number="1277" hits="0" branch="false"/>
						<line number="1280" hits="0" branch="false"/>
						<line number="1284" hits="0" branch="false"/>
						<line number="1285" hits="0" branch="false"/>
						<line number="1288" hits="0" branch="false"/>
						<line number="1289" hits="0" branch="false"/>
						<line number="1290" hits="0" branch="false"/>
						<line number="1291" hits="0" branch="false"/>
						<line number="1292" hits="0" branch="false"/>
						<line number="1294" hits="0" branch="false"/>
						<line number="1308" hits="0" branch="false"/>
						<line number="1309" hits="0" branch="false"/>
						<line number="1310" hits="0" branch="false"/>
						<line number="1312" hits="0" branch="false"/>
						<line number="1314" hits="0" branch="false"/>
						<line number="1316" hits="0" branch="false"/>
						<line number="1317" hits="0" branch="false"/>
						<line number="1318" hits="0" branch="true" condition-coverage="0% (0/2)">
							<conditions>
								<condition number="0" type="jump" coverage="0%"/>
							</conditions>
						</line>
						<line number="1319" hits="0" branch="false"/>
						<line number="1321" hits="0" branch="false"/>
						<line number="1322" hits="0" branch="false"/>
						<line number="1323" hits="0" branch="false"/>
						<line number="1325" hits="0" branch="false"/>
						<line number="1326" hits="0" branch="false"/>
						<line number="1327" hits="0" branch="false"/>
						<line number="1328" hits="0" branch="false"/>
						<line number="1330" hits="0" branch="false"/>
						<line number="1331" hits="0" branch="false"/>
						<line number="1332" hits="0" branch="false"/>
						<line number="1333" hits="0" branch="false"/>
						<line number="1335" hits="0" branch="false"/>
						<line number="1349" hits="0" branch="false"/>
						<line number="1350" hits="0" branch="false"/>
						<line number="1351" hits="0" branch="false"/>
						<line number="1353" hits="0" branch="false"/>
						<line number="1355" hits="0" branch="false"/>
						<line number="1357" hits="0" branch="false"/>
						<line number="1358" hits="0" branch="false"/>
						<line number="1359" hits="0" branch="true" condition-coverage="0% (0/2)">
							<conditions>
								<condition number="0" type="jump" coverage="0%"/>
							</conditions>
						</line>
						<line number="1360" hits="0" branch="false"/>
						<line number="1362" hits="0" branch="false"/>
						<line number="1363" hits="0" branch="false"/>
						<line number="1364" hits="0" branch="false"/>
						<line number="1366" hits="0" branch="false"/>
						<line number="1367" hits="0" branch="false"/>
						<line number="1368" hits="0" branch="false"/>
						<line number="1369" hits="0" branch="false"/>
						<line number="1371" hits="0" branch="false"/>
						<line number="1372" hits="0" branch="false"/>
						<line number="1373" hits="0" branch="false"/>
						<line number="1374" hits="0" branch="false"/>
						<line number="1376" hits="0" branch="false"/>
					</lines>
				</class>
				<class name="org.universAAL.ri.servicegateway.impl.Base64$InputStream" filename="org/universAAL/ri/servicegateway/impl/Base64.java" line-rate="0.0" branch-rate="0.0" complexity="4.914285714285715">
					<methods>
						<method name="&lt;init&gt;" signature="(Ljava/io/InputStream;)V" line-rate="0.0" branch-rate="1.0" complexity="0">
							<lines>
								<line number="1409" hits="0" branch="false"/>
								<line number="1410" hits="0" branch="false"/>
							</lines>
						</method>
						<method name="&lt;init&gt;" signature="(Ljava/io/InputStream;I)V" line-rate="0.0" branch-rate="0.0" complexity="0">
							<lines>
								<line number="1438" hits="0" branch="false"/>
								<line number="1439" hits="0" branch="true" condition-coverage="0% (0/2)">
									<conditions>
										<condition number="0" type="jump" coverage="0%"/>
									</conditions>
								</line>
								<line number="1440" hits="0" branch="true" condition-coverage="0% (0/2)">
									<conditions>
										<condition number="0" type="jump" coverage="0%"/>
									</conditions>
								</line>
								<line number="1441" hits="0" branch="true" condition-coverage="0% (0/2)">
									<conditions>
										<condition number="0" type="jump" coverage="0%"/>
									</conditions>
								</line>
								<line number="1442" hits="0" branch="false"/>
								<line number="1443" hits="0" branch="false"/>
								<line number="1444" hits="0" branch="false"/>
								<line number="1445" hits="0" branch="false"/>
								<line number="1447" hits="0" branch="false"/>
								<line number="1448" hits="0" branch="false"/>
								<line number="1449" hits="0" branch="false"/>
							</lines>
						</method>
						<method name="read" signature="()I" line-rate="0.0" branch-rate="0.0" complexity="0">
							<lines>
								<line number="1460" hits="0" branch="true" condition-coverage="0% (0/2)">
									<conditions>
										<condition number="0" type="jump" coverage="0%"/>
									</conditions>
								</line>
								<line number="1461" hits="0" branch="true" condition-coverage="0% (0/2)">
									<conditions>
										<condition number="0" type="jump" coverage="0%"/>
									</conditions>
								</line>
								<line number="1462" hits="0" branch="false"/>
								<line number="1463" hits="0" branch="false"/>
								<line number="1464" hits="0" branch="true" condition-coverage="0% (0/2)">
									<conditions>
										<condition number="0" type="jump" coverage="0%"/>
									</conditions>
								</line>
								<line number="1466" hits="0" branch="false"/>
								<line number="1469" hits="0" branch="true" condition-coverage="0% (0/2)">
									<conditions>
										<condition number="0" type="jump" coverage="0%"/>
									</conditions>
								</line>
								<line number="1470" hits="0" branch="false"/>
								<line number="1471" hits="0" branch="false"/>
								<line number="1475" hits="0" branch="false"/>
								<line number="1477" hits="0" branch="true" condition-coverage="0% (0/2)">
									<conditions>
										<condition number="0" type="jump" coverage="0%"/>
									</conditions>
								</line>
								<line number="1478" hits="0" branch="false"/>
								<line number="1480" hits="0" branch="false"/>
								<line number="1483" hits="0" branch="true" condition-coverage="0% (0/2)">
									<conditions>
										<condition number="0" type="jump" coverage="0%"/>
									</conditions>
								</line>
								<line number="1484" hits="0" branch="false"/>
								<line number="1485" hits="0" branch="false"/>
								<line number="1486" hits="0" branch="false"/>
								<line number="1489" hits="0" branch="false"/>
								<line number="1491" hits="0" branch="false"/>
								<line number="1495" hits="0" branch="false"/>
								<line number="1496" hits="0" branch="false"/>
								<line number="1497" hits="0" branch="true" condition-coverage="0% (0/2)">
									<conditions>
										<condition number="0" type="jump" coverage="0%"/>
									</conditions>
								</line>
								<line number="1499" hits="0" branch="false"/>
								<line number="1501" hits="0" branch="false"/>
								<line number="1502" hits="0" branch="true" condition-coverage="0% (0/4)">
									<conditions>
										<condition number="0" type="jump" coverage="0%"/>
										<condition number="1" type="jump" coverage="0%"/>
									</conditions>
								</line>
								<line number="1505" hits="0" branch="true" condition-coverage="0% (0/2)">
									<conditions>
										<condition number="0" type="jump" coverage="0%"/>
									</conditions>
								</line>
								<line number="1506" hits="0" branch="false"/>
								<line number="1508" hits="0" branch="false"/>
								<line number="1511" hits="0" branch="true" condition-coverage="0% (0/2)">
									<conditions>
										<condition number="0" type="jump" coverage="0%"/>
									</conditions>
								</line>
								<line number="1512" hits="0" branch="false"/>
								<line number="1513" hits="0" branch="false"/>
								<line number="1515" hits="0" branch="true" condition-coverage="0% (0/2)">
									<conditions>
										<condition number="0" type="jump" coverage="0%"/>
									</conditions>
								</line>
								<line number="1516" hits="0" branch="false"/>
								<line number="1520" hits="0" branch="false"/>
								<line number="1528" hits="0" branch="true" condition-coverage="0% (0/2)">
									<conditions>
										<condition number="0" type="jump" coverage="0%"/>
									</conditions>
								</line>
								<line number="1530" hits="0" branch="true" condition-coverage="0% (0/2)">
									<conditions>
										<condition number="0" type="jump" coverage="0%"/>
									</conditions>
								</line>
								<line number="1531" hits="0" branch="false"/>
								<line number="1533" hits="0" branch="true" condition-coverage="0% (0/6)">
									<conditions>
										<condition number="0" type="jump" coverage="0%"/>
										<condition number="1" type="jump" coverage="0%"/>
										<condition number="2" type="jump" coverage="0%"/>
									</conditions>
								</line>
								<line number="1534" hits="0" branch="false"/>
								<line number="1535" hits="0" branch="false"/>
								<line number="1538" hits="0" branch="false"/>
								<line number="1542" hits="0" branch="false"/>
								<line number="1544" hits="0" branch="true" condition-coverage="0% (0/2)">
									<conditions>
										<condition number="0" type="jump" coverage="0%"/>
									</conditions>
								</line>
								<line number="1545" hits="0" branch="false"/>
								<line number="1547" hits="0" branch="false"/>
								<line number="1555" hits="0" branch="false"/>
							</lines>
						</method>
						<method name="read" signature="([BII)I" line-rate="0.0" branch-rate="0.0" complexity="0">
							<lines>
								<line number="1578" hits="0" branch="true" condition-coverage="0% (0/2)">
									<conditions>
										<condition number="0" type="jump" coverage="0%"/>
									</conditions>
								</line>
								<line number="1579" hits="0" branch="false"/>
								<line number="1584" hits="0" branch="true" condition-coverage="0% (0/2)">
									<conditions>
										<condition number="0" type="jump" coverage="0%"/>
									</conditions>
								</line>
								<line number="1585" hits="0" branch="false"/>
								<line number="1586" hits="0" branch="true" condition-coverage="0% (0/2)">
									<conditions>
										<condition number="0" type="jump" coverage="0%"/>
									</conditions>
								</line>
								<line number="1587" hits="0" branch="false"/>
								<line number="1591" hits="0" branch="false"/>
							</lines>
						</method>
					</methods>
					<lines>
						<line number="1409" hits="0" branch="false"/>
						<line number="1410" hits="0" branch="false"/>
						<line number="1438" hits="0" branch="false"/>
						<line number="1439" hits="0" branch="true" condition-coverage="0% (0/2)">
							<conditions>
								<condition number="0" type="jump" coverage="0%"/>
							</conditions>
						</line>
						<line number="1440" hits="0" branch="true" condition-coverage="0% (0/2)">
							<conditions>
								<condition number="0" type="jump" coverage="0%"/>
							</conditions>
						</line>
						<line number="1441" hits="0" branch="true" condition-coverage="0% (0/2)">
							<conditions>
								<condition number="0" type="jump" coverage="0%"/>
							</conditions>
						</line>
						<line number="1442" hits="0" branch="false"/>
						<line number="1443" hits="0" branch="false"/>
						<line number="1444" hits="0" branch="false"/>
						<line number="1445" hits="0" branch="false"/>
						<line number="1447" hits="0" branch="false"/>
						<line number="1448" hits="0" branch="false"/>
						<line number="1449" hits="0" branch="false"/>
						<line number="1460" hits="0" branch="true" condition-coverage="0% (0/2)">
							<conditions>
								<condition number="0" type="jump" coverage="0%"/>
							</conditions>
						</line>
						<line number="1461" hits="0" branch="true" condition-coverage="0% (0/2)">
							<conditions>
								<condition number="0" type="jump" coverage="0%"/>
							</conditions>
						</line>
						<line number="1462" hits="0" branch="false"/>
						<line number="1463" hits="0" branch="false"/>
						<line number="1464" hits="0" branch="true" condition-coverage="0% (0/2)">
							<conditions>
								<condition number="0" type="jump" coverage="0%"/>
							</conditions>
						</line>
						<line number="1466" hits="0" branch="false"/>
						<line number="1469" hits="0" branch="true" condition-coverage="0% (0/2)">
							<conditions>
								<condition number="0" type="jump" coverage="0%"/>
							</conditions>
						</line>
						<line number="1470" hits="0" branch="false"/>
						<line number="1471" hits="0" branch="false"/>
						<line number="1475" hits="0" branch="false"/>
						<line number="1477" hits="0" branch="true" condition-coverage="0% (0/2)">
							<conditions>
								<condition number="0" type="jump" coverage="0%"/>
							</conditions>
						</line>
						<line number="1478" hits="0" branch="false"/>
						<line number="1480" hits="0" branch="false"/>
						<line number="1483" hits="0" branch="true" condition-coverage="0% (0/2)">
							<conditions>
								<condition number="0" type="jump" coverage="0%"/>
							</conditions>
						</line>
						<line number="1484" hits="0" branch="false"/>
						<line number="1485" hits="0" branch="false"/>
						<line number="1486" hits="0" branch="false"/>
						<line number="1489" hits="0" branch="false"/>
						<line number="1491" hits="0" branch="false"/>
						<line number="1495" hits="0" branch="false"/>
						<line number="1496" hits="0" branch="false"/>
						<line number="1497" hits="0" branch="true" condition-coverage="0% (0/2)">
							<conditions>
								<condition number="0" type="jump" coverage="0%"/>
							</conditions>
						</line>
						<line number="1499" hits="0" branch="false"/>
						<line number="1501" hits="0" branch="false"/>
						<line number="1502" hits="0" branch="true" condition-coverage="0% (0/4)">
							<conditions>
								<condition number="0" type="jump" coverage="0%"/>
								<condition number="1" type="jump" coverage="0%"/>
							</conditions>
						</line>
						<line number="1505" hits="0" branch="true" condition-coverage="0% (0/2)">
							<conditions>
								<condition number="0" type="jump" coverage="0%"/>
							</conditions>
						</line>
						<line number="1506" hits="0" branch="false"/>
						<line number="1508" hits="0" branch="false"/>
						<line number="1511" hits="0" branch="true" condition-coverage="0% (0/2)">
							<conditions>
								<condition number="0" type="jump" coverage="0%"/>
							</conditions>
						</line>
						<line number="1512" hits="0" branch="false"/>
						<line number="1513" hits="0" branch="false"/>
						<line number="1515" hits="0" branch="true" condition-coverage="0% (0/2)">
							<conditions>
								<condition number="0" type="jump" coverage="0%"/>
							</conditions>
						</line>
						<line number="1516" hits="0" branch="false"/>
						<line number="1520" hits="0" branch="false"/>
						<line number="1528" hits="0" branch="true" condition-coverage="0% (0/2)">
							<conditions>
								<condition number="0" type="jump" coverage="0%"/>
							</conditions>
						</line>
						<line number="1530" hits="0" branch="true" condition-coverage="0% (0/2)">
							<conditions>
								<condition number="0" type="jump" coverage="0%"/>
							</conditions>
						</line>
						<line number="1531" hits="0" branch="false"/>
						<line number="1533" hits="0" branch="true" condition-coverage="0% (0/6)">
							<conditions>
								<condition number="0" type="jump" coverage="0%"/>
								<condition number="1" type="jump" coverage="0%"/>
								<condition number="2" type="jump" coverage="0%"/>
							</conditions>
						</line>
						<line number="1534" hits="0" branch="false"/>
						<line number="1535" hits="0" branch="false"/>
						<line number="1538" hits="0" branch="false"/>
						<line number="1542" hits="0" branch="false"/>
						<line number="1544" hits="0" branch="true" condition-coverage="0% (0/2)">
							<conditions>
								<condition number="0" type="jump" coverage="0%"/>
							</conditions>
						</line>
						<line number="1545" hits="0" branch="false"/>
						<line number="1547" hits="0" branch="false"/>
						<line number="1555" hits="0" branch="false"/>
						<line number="1578" hits="0" branch="true" condition-coverage="0% (0/2)">
							<conditions>
								<condition number="0" type="jump" coverage="0%"/>
							</conditions>
						</line>
						<line number="1579" hits="0" branch="false"/>
						<line number="1584" hits="0" branch="true" condition-coverage="0% (0/2)">
							<conditions>
								<condition number="0" type="jump" coverage="0%"/>
							</conditions>
						</line>
						<line number="1585" hits="0" branch="false"/>
						<line number="1586" hits="0" branch="true" condition-coverage="0% (0/2)">
							<conditions>
								<condition number="0" type="jump" coverage="0%"/>
							</conditions>
						</line>
						<line number="1587" hits="0" branch="false"/>
						<line number="1591" hits="0" branch="false"/>
					</lines>
				</class>
				<class name="org.universAAL.ri.servicegateway.impl.Base64$OutputStream" filename="org/universAAL/ri/servicegateway/impl/Base64.java" line-rate="0.0" branch-rate="0.0" complexity="4.914285714285715">
					<methods>
						<method name="&lt;init&gt;" signature="(Ljava/io/OutputStream;)V" line-rate="0.0" branch-rate="1.0" complexity="0">
							<lines>
								<line number="1628" hits="0" branch="false"/>
								<line number="1629" hits="0" branch="false"/>
							</lines>
						</method>
						<method name="&lt;init&gt;" signature="(Ljava/io/OutputStream;I)V" line-rate="0.0" branch-rate="0.0" complexity="0">
							<lines>
								<line number="1657" hits="0" branch="false"/>
								<line number="1658" hits="0" branch="true" condition-coverage="0% (0/2)">
									<conditions>
										<condition number="0" type="jump" coverage="0%"/>
									</conditions>
								</line>
								<line number="1659" hits="0" branch="true" condition-coverage="0% (0/2)">
									<conditions>
										<condition number="0" type="jump" coverage="0%"/>
									</conditions>
								</line>
								<line number="1660" hits="0" branch="true" condition-coverage="0% (0/2)">
									<conditions>
										<condition number="0" type="jump" coverage="0%"/>
									</conditions>
								</line>
								<line number="1661" hits="0" branch="false"/>
								<line number="1662" hits="0" branch="false"/>
								<line number="1663" hits="0" branch="false"/>
								<line number="1664" hits="0" branch="false"/>
								<line number="1665" hits="0" branch="false"/>
								<line number="1666" hits="0" branch="false"/>
								<line number="1667" hits="0" branch="false"/>
								<line number="1668" hits="0" branch="false"/>
								<line number="1669" hits="0" branch="false"/>
							</lines>
						</method>
						<method name="close" signature="()V" line-rate="0.0" branch-rate="1.0" complexity="0">
							<lines>
								<line number="1776" hits="0" branch="false"/>
								<line number="1780" hits="0" branch="false"/>
								<line number="1782" hits="0" branch="false"/>
								<line number="1783" hits="0" branch="false"/>
								<line number="1784" hits="0" branch="false"/>
[...]
							</conditions>
						</line>
						<line number="1719" hits="0" branch="false"/>
						<line number="1723" hits="0" branch="false"/>
						<line number="1740" hits="0" branch="true" condition-coverage="0% (0/2)">
							<conditions>
								<condition number="0" type="jump" coverage="0%"/>
							</conditions>
						</line>
						<line number="1741" hits="0" branch="false"/>
						<line number="1742" hits="0" branch="false"/>
						<line number="1745" hits="0" branch="true" condition-coverage="0% (0/2)">
							<conditions>
								<condition number="0" type="jump" coverage="0%"/>
							</conditions>
						</line>
						<line number="1746" hits="0" branch="false"/>
						<line number="1749" hits="0" branch="false"/>
						<line number="1756" hits="0" branch="true" condition-coverage="0% (0/2)">
							<conditions>
								<condition number="0" type="jump" coverage="0%"/>
							</conditions>
						</line>
						<line number="1757" hits="0" branch="true" condition-coverage="0% (0/2)">
							<conditions>
								<condition number="0" type="jump" coverage="0%"/>
							</conditions>
						</line>
						<line number="1758" hits="0" branch="false"/>
						<line number="1759" hits="0" branch="false"/>
						<line number="1762" hits="0" branch="false"/>
						<line number="1767" hits="0" branch="false"/>
						<line number="1776" hits="0" branch="false"/>
						<line number="1780" hits="0" branch="false"/>
						<line number="1782" hits="0" branch="false"/>
						<line number="1783" hits="0" branch="false"/>
						<line number="1784" hits="0" branch="false"/>
						<line number="1793" hits="0" branch="false"/>
						<line number="1794" hits="0" branch="false"/>
						<line number="1795" hits="0" branch="false"/>
						<line number="1804" hits="0" branch="false"/>
						<line number="1805" hits="0" branch="false"/>
					</lines>
				</class>
			</classes>
		</package>
		<package name="org.universAAL.ri.servicegateway.osgi" line-rate="0.0" branch-rate="0.0" complexity="3.3076923076923075">
			<classes>
				<class name="org.universAAL.ri.servicegateway.osgi.Activator" filename="org/universAAL/ri/servicegateway/osgi/Activator.java" line-rate="0.0" branch-rate="1.0" complexity="1.0">
					<methods>
						<method name="&lt;init&gt;" signature="()V" line-rate="0.0" branch-rate="1.0" complexity="0">
							<lines>
								<line number="40" hits="0" branch="false"/>
							</lines>
						</method>
						<method name="getModuleContext" signature="()Lorg/universAAL/middleware/container/ModuleContext;" line-rate="0.0" branch-rate="1.0" complexity="0">
							<lines>
								<line number="70" hits="0" branch="false"/>
							</lines>
						</method>
						<method name="start" signature="(Lorg/osgi/framework/BundleContext;)V" line-rate="0.0" branch-rate="1.0" complexity="0">
							<lines>
								<line number="52" hits="0" branch="false"/>
								<line number="53" hits="0" branch="false"/>
								<line number="54" hits="0" branch="false"/>
								<line number="55" hits="0" branch="false"/>
								<line number="58" hits="0" branch="false"/>
								<line number="59" hits="0" branch="false"/>
								<line number="61" hits="0" branch="false"/>
								<line number="63" hits="0" branch="false"/>
							</lines>
						</method>
						<method name="stop" signature="(Lorg/osgi/framework/BundleContext;)V" line-rate="0.0" branch-rate="1.0" complexity="0">
							<lines>
								<line number="66" hits="0" branch="false"/>
								<line number="67" hits="0" branch="false"/>
							</lines>
						</method>
					</methods>
					<lines>
						<line number="40" hits="0" branch="false"/>
						<line number="52" hits="0" branch="false"/>
						<line number="53" hits="0" branch="false"/>
						<line number="54" hits="0" branch="false"/>
						<line number="55" hits="0" branch="false"/>
						<line number="58" hits="0" branch="false"/>
						<line number="59" hits="0" branch="false"/>
						<line number="61" hits="0" branch="false"/>
						<line number="63" hits="0" branch="false"/>
						<line number="66" hits="0" branch="false"/>
						<line number="67" hits="0" branch="false"/>
						<line number="70" hits="0" branch="false"/>
					</lines>
				</class>
				<class name="org.universAAL.ri.servicegateway.osgi.GatewayPortTracker" filename="org/universAAL/ri/servicegateway/osgi/GatewayPortTracker.java" line-rate="0.0" branch-rate="0.0" complexity="4.0">
					<methods>
						<method name="&lt;clinit&gt;" signature="()V" line-rate="0.0" branch-rate="1.0" complexity="0">
							<lines>
								<line number="47" hits="0" branch="false"/>
							</lines>
						</method>
						<method name="&lt;init&gt;" signature="(Lorg/osgi/framework/BundleContext;Lorg/universAAL/middleware/container/ModuleContext;Ljava/lang/String;Lorg/osgi/util/tracker/ServiceTrackerCustomizer;)V" line-rate="0.0" branch-rate="1.0" complexity="0">
							<lines>
								<line number="101" hits="0" branch="false"/>
								<line number="102" hits="0" branch="false"/>
								<line number="103" hits="0" branch="false"/>
								<line number="104" hits="0" branch="false"/>
								<line number="105" hits="0" branch="false"/>
								<line number="107" hits="0" branch="false"/>
								<line number="108" hits="0" branch="false"/>
								<line number="109" hits="0" branch="false"/>
								<line number="111" hits="0" branch="false"/>
								<line number="112" hits="0" branch="false"/>
								<line number="113" hits="0" branch="false"/>
							</lines>
						</method>
						<method name="addingService" signature="(Lorg/osgi/framework/ServiceReference;)Ljava/lang/Object;" line-rate="0.0" branch-rate="0.0" complexity="0">
							<lines>
								<line number="142" hits="0" branch="true" condition-coverage="0% (0/2)">
									<conditions>
										<condition number="0" type="jump" coverage="0%"/>
									</conditions>
								</line>
								<line number="143" hits="0" branch="false"/>
								<line number="144" hits="0" branch="false"/>
								<line number="147" hits="0" branch="false"/>
								<line number="150" hits="0" branch="true" condition-coverage="0% (0/2)">
									<conditions>
										<condition number="0" type="jump" coverage="0%"/>
									</conditions>
								</line>
								<line number="151" hits="0" branch="false"/>
								<line number="154" hits="0" branch="false"/>
								<line number="156" hits="0" branch="false"/>
								<line number="158" hits="0" branch="false"/>
								<line number="159" hits="0" branch="false"/>
								<line number="161" hits="0" branch="false"/>
								<line number="162" hits="0" branch="false"/>
								<line number="163" hits="0" branch="false"/>
							</lines>
						</method>
						<method name="registerPreviousServices" signature="()V" line-rate="0.0" branch-rate="0.0" complexity="0">
							<lines>
								<line number="207" hits="0" branch="false"/>
								<line number="208" hits="0" branch="true" condition-coverage="0% (0/2)">
									<conditions>
										<condition number="0" type="jump" coverage="0%"/>
									</conditions>
								</line>
								<line number="210" hits="0" branch="false"/>
								<line number="212" hits="0" branch="false"/>
								<line number="214" hits="0" branch="false"/>
							</lines>
						</method>
						<method name="registerService" signature="(Lorg/osgi/framework/ServiceReference;)V" line-rate="0.0" branch-rate="0.0" complexity="0">
							<lines>
								<line number="117" hits="0" branch="false"/>
								<line number="118" hits="0" branch="false"/>
								<line number="119" hits="0" branch="false"/>
								<line number="120" hits="0" branch="false"/>
								<line number="121" hits="0" branch="false"/>
								<line number="123" hits="0" branch="false"/>
								<line number="129" hits="0" branch="true" condition-coverage="0% (0/2)">
									<conditions>
										<condition number="0" type="jump" coverage="0%"/>
									</conditions>
								</line>
								<line number="130" hits="0" branch="false"/>
								<line number="134" hits="0" branch="true" condition-coverage="0% (0/4)">
									<conditions>
										<condition number="0" type="jump" coverage="0%"/>
										<condition number="1" type="jump" coverage="0%"/>
									</conditions>
								</line>
								<line number="135" hits="0" branch="false"/>
								<line number="137" hits="0" branch="false"/>
							</lines>
						</method>
						<method name="removedService" signature="(Lorg/osgi/framework/ServiceReference;Ljava/lang/Object;)V" line-rate="0.0" branch-rate="1.0" complexity="0">
							<lines>
								<line number="169" hits="0" branch="false"/>
								<line number="170" hits="0" branch="false"/>
								<line number="171" hits="0" branch="false"/>
								<line number="173" hits="0" branch="false"/>
								<line number="175" hits="0" branch="false"/>
							</lines>
						</method>
						<method name="run" signature="()V" line-rate="0.0" branch-rate="0.0" complexity="0">
							<lines>
								<line number="178" hits="0" branch="false"/>
								<line number="179" hits="0" branch="true" condition-coverage="0% (0/2)">
									<conditions>
										<condition number="0" type="jump" coverage="0%"/>
									</conditions>
								</line>
								<line number="181" hits="0" branch="false"/>
								<line number="182" hits="0" branch="false"/>
								<line number="183" hits="0" branch="true" condition-coverage="0% (0/2)">
									<conditions>
										<condition number="0" type="jump" coverage="0%"/>
									</conditions>
								</line>
								<line number="184" hits="0" branch="false"/>
								<line number="185" hits="0" branch="false"/>
								<line number="186" hits="0" branch="false"/>
								<line number="188" hits="0" branch="false"/>
								<line number="190" hits="0" branch="false"/>
								<line number="192" hits="0" branch="false"/>
								<line number="193" hits="0" branch="false"/>
								<line number="195" hits="0" branch="false"/>
								<line number="196" hits="0" branch="false"/>
								<line number="198" hits="0" branch="false"/>
								<line number="199" hits="0" branch="false"/>
								<line number="202" hits="0" branch="false"/>
							</lines>
						</method>
					</methods>
					<lines>
						<line number="47" hits="0" branch="false"/>
						<line number="101" hits="0" branch="false"/>
						<line number="102" hits="0" branch="false"/>
						<line number="103" hits="0" branch="false"/>
						<line number="104" hits="0" branch="false"/>
						<line number="105" hits="0" branch="false"/>
						<line number="107" hits="0" branch="false"/>
						<line number="108" hits="0" branch="false"/>
						<line number="109" hits="0" branch="false"/>
						<line number="111" hits="0" branch="false"/>
						<line number="112" hits="0" branch="false"/>
						<line number="113" hits="0" branch="false"/>
						<line number="117" hits="0" branch="false"/>
						<line number="118" hits="0" branch="false"/>
						<line number="119" hits="0" branch="false"/>
						<line number="120" hits="0" branch="false"/>
						<line number="121" hits="0" branch="false"/>
						<line number="123" hits="0" branch="false"/>
						<line number="129" hits="0" branch="true" condition-coverage="0% (0/2)">
							<conditions>
								<condition number="0" type="jump" coverage="0%"/>
							</conditions>
						</line>
						<line number="130" hits="0" branch="false"/>
						<line number="134" hits="0" branch="true" condition-coverage="0% (0/4)">
							<conditions>
								<condition number="0" type="jump" coverage="0%"/>
								<condition number="1" type="jump" coverage="0%"/>
							</conditions>
						</line>
						<line number="135" hits="0" branch="false"/>
						<line number="137" hits="0" branch="false"/>
						<line number="142" hits="0" branch="true" condition-coverage="0% (0/2)">
							<conditions>
								<condition number="0" type="jump" coverage="0%"/>
							</conditions>
						</line>
						<line number="143" hits="0" branch="false"/>
						<line number="144" hits="0" branch="false"/>
						<line number="147" hits="0" branch="false"/>
						<line number="150" hits="0" branch="true" condition-coverage="0% (0/2)">
							<conditions>
								<condition number="0" type="jump" coverage="0%"/>
							</conditions>
						</line>
						<line number="151" hits="0" branch="false"/>
						<line number="154" hits="0" branch="false"/>
						<line number="156" hits="0" branch="false"/>
						<line number="158" hits="0" branch="false"/>
						<line number="159" hits="0" branch="false"/>
						<line number="161" hits="0" branch="false"/>
						<line number="162" hits="0" branch="false"/>
						<line number="163" hits="0" branch="false"/>
						<line number="169" hits="0" branch="false"/>
						<line number="170" hits="0" branch="false"/>
						<line number="171" hits="0" branch="false"/>
						<line number="173" hits="0" branch="false"/>
						<line number="175" hits="0" branch="false"/>
						<line number="178" hits="0" branch="false"/>
						<line number="179" hits="0" branch="true" condition-coverage="0% (0/2)">
							<conditions>
								<condition number="0" type="jump" coverage="0%"/>
							</conditions>
						</line>
						<line number="181" hits="0" branch="false"/>
						<line number="182" hits="0" branch="false"/>
						<line number="183" hits="0" branch="true" condition-coverage="0% (0/2)">
							<conditions>
								<condition number="0" type="jump" coverage="0%"/>
							</conditions>
						</line>
						<line number="184" hits="0" branch="false"/>
						<line number="185" hits="0" branch="false"/>
						<line number="186" hits="0" branch="false"/>
						<line number="188" hits="0" branch="false"/>
						<line number="190" hits="0" branch="false"/>
						<line number="192" hits="0" branch="false"/>
						<line number="193" hits="0" branch="false"/>
						<line number="195" hits="0" branch="false"/>
						<line number="196" hits="0" branch="false"/>
						<line number="198" hits="0" branch="false"/>
						<line number="199" hits="0" branch="false"/>
						<line number="202" hits="0" branch="false"/>
						<line number="207" hits="0" branch="false"/>
						<line number="208" hits="0" branch="true" condition-coverage="0% (0/2)">
							<conditions>
								<condition number="0" type="jump" coverage="0%"/>
							</conditions>
						</line>
						<line number="210" hits="0" branch="false"/>
						<line number="212" hits="0" branch="false"/>
						<line number="214" hits="0" branch="false"/>
					</lines>
				</class>
				<class name="org.universAAL.ri.servicegateway.osgi.GatewayPortTracker$GatewayHttpContext" filename="org/universAAL/ri/servicegateway/osgi/GatewayPortTracker.java" line-rate="0.0" branch-rate="0.0" complexity="4.0">
					<methods>
						<method name="&lt;init&gt;" signature="(Lorg/universAAL/ri/servicegateway/osgi/GatewayPortTracker;Lorg/osgi/framework/ServiceReference;)V" line-rate="0.0" branch-rate="1.0" complexity="0">
							<lines>
								<line number="62" hits="0" branch="false"/>
								<line number="63" hits="0" branch="false"/>
								<line number="64" hits="0" branch="false"/>
							</lines>
						</method>
						<method name="getMimeType" signature="(Ljava/lang/String;)Ljava/lang/String;" line-rate="0.0" branch-rate="0.0" complexity="0">
							<lines>
								<line number="67" hits="0" branch="true" condition-coverage="0% (0/4)">
									<conditions>
										<condition number="0" type="jump" coverage="0%"/>
										<condition number="1" type="jump" coverage="0%"/>
									</conditions>
								</line>
								<line number="68" hits="0" branch="false"/>
								<line number="69" hits="0" branch="true" condition-coverage="0% (0/2)">
									<conditions>
										<condition number="0" type="jump" coverage="0%"/>
									</conditions>
								</line>
								<line number="70" hits="0" branch="false"/>
								<line number="71" hits="0" branch="true" condition-coverage="0% (0/4)">
									<conditions>
										<condition number="0" type="jump" coverage="0%"/>
										<condition number="1" type="jump" coverage="0%"/>
									</conditions>
								</line>
								<line number="72" hits="0" branch="false"/>
								<line number="73" hits="0" branch="true" condition-coverage="0% (0/2)">
									<conditions>
										<condition number="0" type="jump" coverage="0%"/>
									</conditions>
								</line>
								<line number="74" hits="0" branch="false"/>
								<line number="75" hits="0" branch="true" condition-coverage="0% (0/2)">
									<conditions>
										<condition number="0" type="jump" coverage="0%"/>
									</conditions>
								</line>
								<line number="76" hits="0" branch="false"/>
								<line number="77" hits="0" branch="true" condition-coverage="0% (0/2)">
									<conditions>
										<condition number="0" type="jump" coverage="0%"/>
									</conditions>
								</line>
								<line number="78" hits="0" branch="false"/>
								<line number="79" hits="0" branch="true" condition-coverage="0% (0/2)">
									<conditions>
										<condition number="0" type="jump" coverage="0%"/>
									</conditions>
								</line>
								<line number="80" hits="0" branch="false"/>
								<line number="82" hits="0" branch="false"/>
							</lines>
						</method>
						<method name="getResource" signature="(Ljava/lang/String;)Ljava/net/URL;" line-rate="0.0" branch-rate="1.0" complexity="0">
							<lines>
								<line number="88" hits="0" branch="false"/>
							</lines>
						</method>
						<method name="handleSecurity" signature="(Ljavax/servlet/http/HttpServletRequest;Ljavax/servlet/http/HttpServletResponse;)Z" line-rate="0.0" branch-rate="1.0" complexity="0">
							<lines>
								<line number="94" hits="0" branch="false"/>
							</lines>
						</method>
					</methods>
					<lines>
						<line number="62" hits="0" branch="false"/>
						<line number="63" hits="0" branch="false"/>
						<line number="64" hits="0" branch="false"/>
						<line number="67" hits="0" branch="true" condition-coverage="0% (0/4)">
							<conditions>
								<condition number="0" type="jump" coverage="0%"/>
								<condition number="1" type="jump" coverage="0%"/>
							</conditions>
						</line>
						<line number="68" hits="0" branch="false"/>
						<line number="69" hits="0" branch="true" condition-coverage="0% (0/2)">
							<conditions>
								<condition number="0" type="jump" coverage="0%"/>
							</conditions>
						</line>
						<line number="70" hits="0" branch="false"/>
						<line number="71" hits="0" branch="true" condition-coverage="0% (0/4)">
							<conditions>
								<condition number="0" type="jump" coverage="0%"/>
								<condition number="1" type="jump" coverage="0%"/>
							</conditions>
						</line>
						<line number="72" hits="0" branch="false"/>
						<line number="73" hits="0" branch="true" condition-coverage="0% (0/2)">
							<conditions>
								<condition number="0" type="jump" coverage="0%"/>
							</conditions>
						</line>
						<line number="74" hits="0" branch="false"/>
						<line number="75" hits="0" branch="true" condition-coverage="0% (0/2)">
							<conditions>
								<condition number="0" type="jump" coverage="0%"/>
							</conditions>
						</line>
						<line number="76" hits="0" branch="false"/>
						<line number="77" hits="0" branch="true" condition-coverage="0% (0/2)">
							<conditions>
								<condition number="0" type="jump" coverage="0%"/>
							</conditions>
						</line>
						<line number="78" hits="0" branch="false"/>
						<line number="79" hits="0" branch="true" condition-coverage="0% (0/2)">
							<conditions>
								<condition number="0" type="jump" coverage="0%"/>
							</conditions>
						</line>
						<line number="80" hits="0" branch="false"/>
						<line number="82" hits="0" branch="false"/>
						<line number="88" hits="0" branch="false"/>
						<line number="94" hits="0" branch="false"/>
					</lines>
				</class>
			</classes>
		</package>
	</packages>
</coverage>
