<?xml version="1.0"?>
<!DOCTYPE coverage SYSTEM "http://cobertura.sourceforge.net/xml/coverage-04.dtd">

<coverage line-rate="0.0" branch-rate="1.0" lines-covered="0" lines-valid="4" branches-covered="0" branches-valid="0" complexity="1.0" version="2.1.1" timestamp="1495750635546">
	<sources>
		<source>/home/travis/build/universAAL/remote/ri.exportComponent/ri.soap.cxf.service/src/main/java</source>
		<source>--source</source>
	</sources>
	<packages>
		<package name="org.universAAL.ri.soap.cxf.service" line-rate="1.0" branch-rate="1.0" complexity="1.0">
			<classes>
				<class name="org.universAAL.ri.soap.cxf.service.ServiceInterface" filename="org/universAAL/ri/soap/cxf/service/ServiceInterface.java" line-rate="1.0" branch-rate="1.0" complexity="1.0">
					<methods>
					</methods>
					<lines>
					</lines>
				</class>
			</classes>
		</package>
		<package name="org.universAAL.ri.soap.cxf.service.osgi" line-rate="0.0" branch-rate="1.0" complexity="1.0">
			<classes>
				<class name="org.universAAL.ri.soap.cxf.service.osgi.Activator" filename="org/universAAL/ri/soap/cxf/service/osgi/Activator.java" line-rate="0.0" branch-rate="1.0" complexity="1.0">
					<methods>
						<method name="&lt;init&gt;" signature="()V" line-rate="0.0" branch-rate="1.0" complexity="0">
							<lines>
								<line number="24" hits="0" branch="false"/>
							</lines>
						</method>
						<method name="start" signature="(Lorg/osgi/framework/BundleContext;)V" line-rate="0.0" branch-rate="1.0" complexity="0">
							<lines>
								<line number="28" hits="0" branch="false"/>
								<line number="30" hits="0" branch="false"/>
							</lines>
						</method>
						<method name="stop" signature="(Lorg/osgi/framework/BundleContext;)V" line-rate="0.0" branch-rate="1.0" complexity="0">
							<lines>
								<line number="40" hits="0" branch="false"/>
							</lines>
						</method>
					</methods>
					<lines>
						<line number="24" hits="0" branch="false"/>
						<line number="28" hits="0" branch="false"/>
						<line number="30" hits="0" branch="false"/>
						<line number="40" hits="0" branch="false"/>
					</lines>
				</class>
			</classes>
		</package>
	</packages>
</coverage>
