<?xml version="1.0"?>
<!DOCTYPE coverage SYSTEM "http://cobertura.sourceforge.net/xml/coverage-04.dtd">

<coverage line-rate="0.0" branch-rate="0.0" lines-covered="0" lines-valid="1527" branches-covered="0" branches-valid="534" complexity="3.7579617834394905" version="2.1.1" timestamp="1496227227631">
	<sources>
		<source>--source</source>
		<source>/home/travis/build/universAAL/remote/ri.api.manager/src/main/java</source>
	</sources>
	<packages>
		<package name="org.universAAL.ri.api.manager" line-rate="0.0" branch-rate="0.0" complexity="2.3333333333333335">
			<classes>
				<class name="org.universAAL.ri.api.manager.Activator" filename="org/universAAL/ri/api/manager/Activator.java" line-rate="0.0" branch-rate="0.0" complexity="2.5">
					<methods>
						<method name="&lt;clinit&gt;" signature="()V" line-rate="0.0" branch-rate="1.0" complexity="0">
							<lines>
								<line number="65" hits="0" branch="false"/>
								<line number="70" hits="0" branch="false"/>
								<line number="86" hits="0" branch="false"/>
							</lines>
						</method>
						<method name="&lt;init&gt;" signature="()V" line-rate="0.0" branch-rate="1.0" complexity="0">
							<lines>
								<line number="282" hits="0" branch="false"/>
							</lines>
						</method>
						<method name="access$200" signature="(Lorg/universAAL/ri/api/manager/Activator;)Lorg/osgi/framework/BundleContext;" line-rate="1.0" branch-rate="1.0" complexity="0">
							<lines>
							</lines>
						</method>
						<method name="access$302" signature="(Lorg/universAAL/middleware/serialization/MessageContentSerializerEx;)Lorg/universAAL/middleware/serialization/MessageContentSerializerEx;" line-rate="0.0" branch-rate="1.0" complexity="0">
							<lines>
								<line number="52" hits="0" branch="false"/>
							</lines>
						</method>
						<method name="getParser" signature="()Lorg/universAAL/middleware/serialization/MessageContentSerializerEx;" line-rate="0.0" branch-rate="1.0" complexity="0">
							<lines>
								<line number="371" hits="0" branch="false"/>
							</lines>
						</method>
						<method name="getPersistence" signature="()Lorg/universAAL/ri/api/manager/server/persistence/Persistence;" line-rate="0.0" branch-rate="1.0" complexity="0">
							<lines>
								<line number="353" hits="0" branch="false"/>
							</lines>
						</method>
						<method name="getRemoteAPI" signature="()Lorg/universAAL/ri/api/manager/RemoteAPIImpl;" line-rate="0.0" branch-rate="1.0" complexity="0">
							<lines>
								<line number="362" hits="0" branch="false"/>
							</lines>
						</method>
						<method name="getThreadsPool" signature="()Ljava/util/concurrent/ExecutorService;" line-rate="0.0" branch-rate="1.0" complexity="0">
							<lines>
								<line number="402" hits="0" branch="false"/>
							</lines>
						</method>
						<method name="isGCMEncrypted" signature="()Z" line-rate="0.0" branch-rate="1.0" complexity="0">
							<lines>
								<line number="392" hits="0" branch="false"/>
							</lines>
						</method>
						<method name="isHardcoded" signature="()Z" line-rate="0.0" branch-rate="1.0" complexity="0">
							<lines>
								<line number="382" hits="0" branch="false"/>
							</lines>
						</method>
						<method name="logD" signature="(Ljava/lang/String;Ljava/lang/String;)V" line-rate="0.0" branch-rate="1.0" complexity="0">
							<lines>
								<line number="308" hits="0" branch="false"/>
								<line number="309" hits="0" branch="false"/>
							</lines>
						</method>
						<method name="logE" signature="(Ljava/lang/String;Ljava/lang/String;)V" line-rate="0.0" branch-rate="1.0" complexity="0">
							<lines>
								<line number="344" hits="0" branch="false"/>
								<line number="345" hits="0" branch="false"/>
							</lines>
						</method>
						<method name="logI" signature="(Ljava/lang/String;Ljava/lang/String;)V" line-rate="0.0" branch-rate="1.0" complexity="0">
							<lines>
								<line number="320" hits="0" branch="false"/>
								<line number="321" hits="0" branch="false"/>
							</lines>
						</method>
						<method name="logW" signature="(Ljava/lang/String;Ljava/lang/String;)V" line-rate="0.0" branch-rate="1.0" complexity="0">
							<lines>
								<line number="332" hits="0" branch="false"/>
								<line number="333" hits="0" branch="false"/>
							</lines>
						</method>
						<method name="register" signature="(Lorg/osgi/service/http/HttpService;)Z" line-rate="0.0" branch-rate="1.0" complexity="0">
							<lines>
								<line number="219" hits="0" branch="false"/>
								<line number="220" hits="0" branch="false"/>
								<line number="221" hits="0" branch="false"/>
								<line number="223" hits="0" branch="false"/>
								<line number="224" hits="0" branch="false"/>
								<line number="225" hits="0" branch="false"/>
								<line number="227" hits="0" branch="false"/>
								<line number="228" hits="0" branch="false"/>
								<line number="229" hits="0" branch="false"/>
								<line number="231" hits="0" branch="false"/>
							</lines>
						</method>
						<method name="start" signature="(Lorg/osgi/framework/BundleContext;)V" line-rate="0.0" branch-rate="0.0" complexity="0">
							<lines>
								<line number="120" hits="0" branch="false"/>
								<line number="121" hits="0" branch="false"/>
								<line number="122" hits="0" branch="false"/>
								<line number="125" hits="0" branch="false"/>
								<line number="126" hits="0" branch="false"/>
								<line number="127" hits="0" branch="false"/>
								<line number="128" hits="0" branch="false"/>
								<line number="129" hits="0" branch="true" condition-coverage="0% (0/4)">
									<conditions>
										<condition number="0" type="jump" coverage="0%"/>
										<condition number="1" type="jump" coverage="0%"/>
									</conditions>
								</line>
								<line number="130" hits="0" branch="false"/>
								<line number="135" hits="0" branch="true" condition-coverage="0% (0/2)">
									<conditions>
										<condition number="0" type="jump" coverage="0%"/>
									</conditions>
								</line>
								<line number="138" hits="0" branch="false"/>
								<line number="139" hits="0" branch="false"/>
								<line number="140" hits="0" branch="false"/>
								<line number="144" hits="0" branch="false"/>
								<line number="145" hits="0" branch="false"/>
								<line number="146" hits="0" branch="false"/>
								<line number="147" hits="0" branch="false"/>
								<line number="148" hits="0" branch="false"/>
								<line number="149" hits="0" branch="false"/>
								<line number="150" hits="0" branch="false"/>
								<line number="152" hits="0" branch="false"/>
								<line number="158" hits="0" branch="false"/>
								<line number="160" hits="0" branch="false"/>
								<line number="175" hits="0" branch="true" condition-coverage="0% (0/2)">
									<conditions>
										<condition number="0" type="jump" coverage="0%"/>
									</conditions>
								</line>
								<line number="176" hits="0" branch="false"/>
								<line number="177" hits="0" branch="false"/>
								<line number="178" hits="0" branch="false"/>
								<line number="179" hits="0" branch="false"/>
								<line number="180" hits="0" branch="false"/>
								<line number="182" hits="0" branch="true" condition-coverage="0% (0/4)">
									<conditions>
										<condition number="0" type="jump" coverage="0%"/>
										<condition number="1" type="jump" coverage="0%"/>
									</conditions>
								</line>
								<line number="183" hits="0" branch="false"/>
								<line number="186" hits="0" branch="false"/>
							</lines>
						</method>
						<method name="stop" signature="(Lorg/osgi/framework/BundleContext;)V" line-rate="0.0" branch-rate="0.0" complexity="0">
							<lines>
								<line number="196" hits="0" branch="true" condition-coverage="0% (0/4)">
									<conditions>
										<condition number="0" type="jump" coverage="0%"/>
										<condition number="1" type="jump" coverage="0%"/>
									</conditions>
								</line>
								<line number="197" hits="0" branch="false"/>
								<line number="199" hits="0" branch="true" condition-coverage="0% (0/4)">
									<conditions>
										<condition number="0" type="jump" coverage="0%"/>
										<condition number="1" type="jump" coverage="0%"/>
									</conditions>
								</line>
								<line number="200" hits="0" branch="false"/>
								<line number="203" hits="0" branch="false"/>
								<line number="204" hits="0" branch="false"/>
								<line number="205" hits="0" branch="false"/>
								<line number="206" hits="0" branch="false"/>
								<line number="207" hits="0" branch="false"/>
								<line number="208" hits="0" branch="false"/>
							</lines>
						</method>
						<method name="unregister" signature="(Lorg/osgi/service/http/HttpService;)Z" line-rate="0.0" branch-rate="1.0" complexity="0">
							<lines>
								<line number="243" hits="0" branch="false"/>
								<line number="244" hits="0" branch="false"/>
								<line number="245" hits="0" branch="false"/>
								<line number="247" hits="0" branch="false"/>
								<line number="248" hits="0" branch="false"/>
								<line number="249" hits="0" branch="false"/>
								<line number="251" hits="0" branch="false"/>
							</lines>
						</method>
					</methods>
					<lines>
						<line number="52" hits="0" branch="false"/>
						<line number="65" hits="0" branch="false"/>
						<line number="70" hits="0" branch="false"/>
						<line number="86" hits="0" branch="false"/>
						<line number="120" hits="0" branch="false"/>
						<line number="121" hits="0" branch="false"/>
						<line number="122" hits="0" branch="false"/>
						<line number="125" hits="0" branch="false"/>
						<line number="126" hits="0" branch="false"/>
						<line number="127" hits="0" branch="false"/>
						<line number="128" hits="0" branch="false"/>
						<line number="129" hits="0" branch="true" condition-coverage="0% (0/4)">
							<conditions>
								<condition number="0" type="jump" coverage="0%"/>
								<condition number="1" type="jump" coverage="0%"/>
							</conditions>
						</line>
						<line number="130" hits="0" branch="false"/>
						<line number="135" hits="0" branch="true" condition-coverage="0% (0/2)">
							<conditions>
								<condition number="0" type="jump" coverage="0%"/>
							</conditions>
						</line>
						<line number="138" hits="0" branch="false"/>
						<line number="139" hits="0" branch="false"/>
						<line number="140" hits="0" branch="false"/>
						<line number="144" hits="0" branch="false"/>
						<line number="145" hits="0" branch="false"/>
						<line number="146" hits="0" branch="false"/>
						<line number="147" hits="0" branch="false"/>
						<line number="148" hits="0" branch="false"/>
						<line number="149" hits="0" branch="false"/>
						<line number="150" hits="0" branch="false"/>
						<line number="152" hits="0" branch="false"/>
						<line number="158" hits="0" branch="false"/>
						<line number="160" hits="0" branch="false"/>
						<line number="175" hits="0" branch="true" condition-coverage="0% (0/2)">
							<conditions>
								<condition number="0" type="jump" coverage="0%"/>
							</conditions>
						</line>
						<line number="176" hits="0" branch="false"/>
						<line number="177" hits="0" branch="false"/>
						<line number="178" hits="0" branch="false"/>
						<line number="179" hits="0" branch="false"/>
						<line number="180" hits="0" branch="false"/>
						<line number="182" hits="0" branch="true" condition-coverage="0% (0/4)">
							<conditions>
								<condition number="0" type="jump" coverage="0%"/>
								<condition number="1" type="jump" coverage="0%"/>
							</conditions>
						</line>
						<line number="183" hits="0" branch="false"/>
						<line number="186" hits="0" branch="false"/>
						<line number="196" hits="0" branch="true" condition-coverage="0% (0/4)">
							<conditions>
								<condition number="0" type="jump" coverage="0%"/>
								<condition number="1" type="jump" coverage="0%"/>
							</conditions>
						</line>
						<line number="197" hits="0" branch="false"/>
						<line number="199" hits="0" branch="true" condition-coverage="0% (0/4)">
							<conditions>
								<condition number="0" type="jump" coverage="0%"/>
								<condition number="1" type="jump" coverage="0%"/>
							</conditions>
						</line>
						<line number="200" hits="0" branch="false"/>
						<line number="203" hits="0" branch="false"/>
						<line number="204" hits="0" branch="false"/>
						<line number="205" hits="0" branch="false"/>
						<line number="206" hits="0" branch="false"/>
						<line number="207" hits="0" branch="false"/>
						<line number="208" hits="0" branch="false"/>
						<line number="219" hits="0" branch="false"/>
						<line number="220" hits="0" branch="false"/>
						<line number="221" hits="0" branch="false"/>
						<line number="223" hits="0" branch="false"/>
						<line number="224" hits="0" branch="false"/>
						<line number="225" hits="0" branch="false"/>
						<line number="227" hits="0" branch="false"/>
						<line number="228" hits="0" branch="false"/>
						<line number="229" hits="0" branch="false"/>
						<line number="231" hits="0" branch="false"/>
						<line number="243" hits="0" branch="false"/>
						<line number="244" hits="0" branch="false"/>
						<line number="245" hits="0" branch="false"/>
						<line number="247" hits="0" branch="false"/>
						<line number="248" hits="0" branch="false"/>
						<line number="249" hits="0" branch="false"/>
						<line number="251" hits="0" branch="false"/>
						<line number="282" hits="0" branch="false"/>
						<line number="308" hits="0" branch="false"/>
						<line number="309" hits="0" branch="false"/>
						<line number="320" hits="0" branch="false"/>
						<line number="321" hits="0" branch="false"/>
						<line number="332" hits="0" branch="false"/>
						<line number="333" hits="0" branch="false"/>
						<line number="344" hits="0" branch="false"/>
						<line number="345" hits="0" branch="false"/>
						<line number="353" hits="0" branch="false"/>
						<line number="362" hits="0" branch="false"/>
						<line number="371" hits="0" branch="false"/>
						<line number="382" hits="0" branch="false"/>
						<line number="392" hits="0" branch="false"/>
						<line number="402" hits="0" branch="false"/>
					</lines>
				</class>
				<class name="org.universAAL.ri.api.manager.Activator$1" filename="org/universAAL/ri/api/manager/Activator.java" line-rate="1.0" branch-rate="1.0" complexity="2.5">
					<methods>
					</methods>
					<lines>
					</lines>
				</class>
				<class name="org.universAAL.ri.api.manager.Activator$HttpListener" filename="org/universAAL/ri/api/manager/Activator.java" line-rate="0.0" branch-rate="0.0" complexity="2.5">
					<methods>
						<method name="&lt;init&gt;" signature="(Lorg/universAAL/ri/api/manager/Activator;)V" line-rate="1.0" branch-rate="1.0" complexity="0">
							<lines>
							</lines>
						</method>
						<method name="&lt;init&gt;" signature="(Lorg/universAAL/ri/api/manager/Activator;Lorg/universAAL/ri/api/manager/Activator$1;)V" line-rate="0.0" branch-rate="1.0" complexity="0">
							<lines>
								<line number="260" hits="0" branch="false"/>
							</lines>
						</method>
						<method name="serviceChanged" signature="(Lorg/osgi/framework/ServiceEvent;)V" line-rate="0.0" branch-rate="0.0" complexity="0">
							<lines>
								<line number="262" hits="0" branch="true" condition-coverage="0% (0/3)">
									<conditions>
										<condition number="0" type="switch" coverage="0%"/>
									</conditions>
								</line>
								<line number="265" hits="0" branch="false"/>
								<line number="266" hits="0" branch="false"/>
								<line number="268" hits="0" branch="false"/>
								<line number="269" hits="0" branch="false"/>
								<line number="273" hits="0" branch="false"/>
							</lines>
						</method>
					</methods>
					<lines>
						<line number="260" hits="0" branch="false"/>
						<line number="262" hits="0" branch="true" condition-coverage="0% (0/3)">
							<conditions>
								<condition number="0" type="switch" coverage="0%"/>
							</conditions>
						</line>
						<line number="265" hits="0" branch="false"/>
						<line number="266" hits="0" branch="false"/>
						<line number="268" hits="0" branch="false"/>
						<line number="269" hits="0" branch="false"/>
						<line number="273" hits="0" branch="false"/>
					</lines>
				</class>
				<class name="org.universAAL.ri.api.manager.Activator$SerializerListener" filename="org/universAAL/ri/api/manager/Activator.java" line-rate="0.0" branch-rate="0.0" complexity="2.5">
					<methods>
						<method name="&lt;init&gt;" signature="(Lorg/universAAL/ri/api/manager/Activator;)V" line-rate="1.0" branch-rate="1.0" complexity="0">
							<lines>
							</lines>
						</method>
						<method name="&lt;init&gt;" signature="(Lorg/universAAL/ri/api/manager/Activator;Lorg/universAAL/ri/api/manager/Activator$1;)V" line-rate="0.0" branch-rate="1.0" complexity="0">
							<lines>
								<line number="282" hits="0" branch="false"/>
							</lines>
						</method>
						<method name="serviceChanged" signature="(Lorg/osgi/framework/ServiceEvent;)V" line-rate="0.0" branch-rate="0.0" complexity="0">
							<lines>
								<line number="285" hits="0" branch="true" condition-coverage="0% (0/3)">
									<conditions>
										<condition number="0" type="switch" coverage="0%"/>
									</conditions>
								</line>
								<line number="288" hits="0" branch="false"/>
								<line number="289" hits="0" branch="false"/>
								<line number="291" hits="0" branch="false"/>
								<line number="292" hits="0" branch="false"/>
								<line number="296" hits="0" branch="false"/>
							</lines>
						</method>
					</methods>
					<lines>
						<line number="282" hits="0" branch="false"/>
						<line number="285" hits="0" branch="true" condition-coverage="0% (0/3)">
							<conditions>
								<condition number="0" type="switch" coverage="0%"/>
							</conditions>
						</line>
						<line number="288" hits="0" branch="false"/>
						<line number="289" hits="0" branch="false"/>
						<line number="291" hits="0" branch="false"/>
						<line number="292" hits="0" branch="false"/>
						<line number="296" hits="0" branch="false"/>
					</lines>
				</class>
				<class name="org.universAAL.ri.api.manager.Configuration" filename="org/universAAL/ri/api/manager/Configuration.java" line-rate="0.0" branch-rate="0.0" complexity="1.25">
					<methods>
						<method name="&lt;init&gt;" signature="()V" line-rate="0.0" branch-rate="1.0" complexity="0">
							<lines>
								<line number="36" hits="0" branch="false"/>
							</lines>
						</method>
						<method name="determineEndpoint" signature="(Ljava/lang/String;)I" line-rate="0.0" branch-rate="0.0" complexity="0">
							<lines>
								<line number="115" hits="0" branch="false"/>
								<line number="116" hits="0" branch="true" condition-coverage="0% (0/2)">
									<conditions>
										<condition number="0" type="jump" coverage="0%"/>
									</conditions>
								</line>
								<line number="117" hits="0" branch="false"/>
								<line number="120" hits="0" branch="false"/>
								<line number="122" hits="0" branch="false"/>
								<line number="124" hits="0" branch="false"/>
							</lines>
						</method>
						<method name="getContext" signature="()Ljava/lang/String;" line-rate="0.0" branch-rate="1.0" complexity="0">
							<lines>
								<line number="198" hits="0" branch="false"/>
							</lines>
						</method>
						<method name="getDBClass" signature="()Ljava/lang/String;" line-rate="0.0" branch-rate="1.0" complexity="0">
							<lines>
								<line number="247" hits="0" branch="false"/>
							</lines>
						</method>
						<method name="getDBKey" signature="()Ljava/lang/String;" line-rate="0.0" branch-rate="1.0" complexity="0">
							<lines>
								<line number="235" hits="0" branch="false"/>
							</lines>
						</method>
						<method name="getDBPass" signature="()Ljava/lang/String;" line-rate="0.0" branch-rate="1.0" complexity="0">
							<lines>
								<line number="243" hits="0" branch="false"/>
							</lines>
						</method>
						<method name="getDBPath" signature="(Lorg/universAAL/middleware/container/ModuleContext;)Ljava/lang/String;" line-rate="0.0" branch-rate="1.0" complexity="0">
							<lines>
								<line number="177" hits="0" branch="false"/>
							</lines>
						</method>
						<method name="getDBUser" signature="()Ljava/lang/String;" line-rate="0.0" branch-rate="1.0" complexity="0">
							<lines>
								<line number="239" hits="0" branch="false"/>
							</lines>
						</method>
						<method name="getGCMCrypt" signature="()Ljava/lang/String;" line-rate="0.0" branch-rate="1.0" complexity="0">
							<lines>
								<line number="156" hits="0" branch="false"/>
							</lines>
						</method>
						<method name="getGCMDry" signature="()Z" line-rate="0.0" branch-rate="1.0" complexity="0">
							<lines>
								<line number="146" hits="0" branch="false"/>
								<line number="147" hits="0" branch="false"/>
							</lines>
						</method>
						<method name="getGCMKey" signature="()Ljava/lang/String;" line-rate="0.0" branch-rate="1.0" complexity="0">
							<lines>
								<line number="135" hits="0" branch="false"/>
							</lines>
						</method>
						<method name="getGETenabled" signature="()Z" line-rate="0.0" branch-rate="1.0" complexity="0">
							<lines>
								<line number="222" hits="0" branch="false"/>
							</lines>
						</method>
						<method name="getHardcoded" signature="()Z" line-rate="0.0" branch-rate="1.0" complexity="0">
							<lines>
								<line number="211" hits="0" branch="false"/>
							</lines>
						</method>
						<method name="getLogDebug" signature="()Z" line-rate="0.0" branch-rate="1.0" complexity="0">
							<lines>
								<line number="166" hits="0" branch="false"/>
							</lines>
						</method>
						<method name="getRemovalTime" signature="()Ljava/lang/Long;" line-rate="0.0" branch-rate="1.0" complexity="0">
							<lines>
								<line number="188" hits="0" branch="false"/>
							</lines>
						</method>
						<method name="getServerPWD" signature="()Ljava/lang/String;" line-rate="0.0" branch-rate="1.0" complexity="0">
							<lines>
								<line number="231" hits="0" branch="false"/>
							</lines>
						</method>
						<method name="getServerUSR" signature="()Ljava/lang/String;" line-rate="0.0" branch-rate="1.0" complexity="0">
							<lines>
								<line number="227" hits="0" branch="false"/>
							</lines>
						</method>
					</methods>
					<lines>
						<line number="36" hits="0" branch="false"/>
						<line number="115" hits="0" branch="false"/>
						<line number="116" hits="0" branch="true" condition-coverage="0% (0/2)">
							<conditions>
								<condition number="0" type="jump" coverage="0%"/>
							</conditions>
						</line>
						<line number="117" hits="0" branch="false"/>
						<line number="120" hits="0" branch="false"/>
						<line number="122" hits="0" branch="false"/>
						<line number="124" hits="0" branch="false"/>
						<line number="135" hits="0" branch="false"/>
						<line number="146" hits="0" branch="false"/>
						<line number="147" hits="0" branch="false"/>
						<line number="156" hits="0" branch="false"/>
						<line number="166" hits="0" branch="false"/>
						<line number="177" hits="0" branch="false"/>
						<line number="188" hits="0" branch="false"/>
						<line number="198" hits="0" branch="false"/>
						<line number="211" hits="0" branch="false"/>
						<line number="222" hits="0" branch="false"/>
						<line number="227" hits="0" branch="false"/>
						<line number="231" hits="0" branch="false"/>
						<line number="235" hits="0" branch="false"/>
						<line number="239" hits="0" branch="false"/>
						<line number="243" hits="0" branch="false"/>
						<line number="247" hits="0" branch="false"/>
					</lines>
				</class>
				<class name="org.universAAL.ri.api.manager.RemoteAPI" filename="org/universAAL/ri/api/manager/RemoteAPI.java" line-rate="1.0" branch-rate="1.0" complexity="1.0">
					<methods>
					</methods>
					<lines>
					</lines>
				</class>
				<class name="org.universAAL.ri.api.manager.RemoteAPIImpl" filename="org/universAAL/ri/api/manager/RemoteAPIImpl.java" line-rate="0.0" branch-rate="0.0" complexity="5.909090909090909">
					<methods>
						<method name="&lt;clinit&gt;" signature="()V" line-rate="0.0" branch-rate="1.0" complexity="0">
							<lines>
								<line number="52" hits="0" branch="false"/>
							</lines>
						</method>
						<method name="&lt;init&gt;" signature="(Lorg/universAAL/middleware/container/ModuleContext;)V" line-rate="0.0" branch-rate="1.0" complexity="0">
							<lines>
								<line number="64" hits="0" branch="false"/>
								<line number="65" hits="0" branch="false"/>
								<line number="66" hits="0" branch="false"/>
							</lines>
						</method>
						<method name="callS" signature="(Ljava/lang/String;Ljava/lang/String;)Ljava/lang/String;" line-rate="0.0" branch-rate="0.0" complexity="0">
							<lines>
								<line number="155" hits="0" branch="true" condition-coverage="0% (0/2)">
									<conditions>
										<condition number="0" type="jump" coverage="0%"/>
									</conditions>
								</line>
								<line number="156" hits="0" branch="false"/>
								<line number="158" hits="0" branch="false"/>
								<line number="159" hits="0" branch="true" condition-coverage="0% (0/2)">
									<conditions>
										<condition number="0" type="jump" coverage="0%"/>
									</conditions>
								</line>
								<line number="160" hits="0" branch="false"/>
								<line number="161" hits="0" branch="true" condition-coverage="0% (0/2)">
									<conditions>
										<condition number="0" type="jump" coverage="0%"/>
									</conditions>
								</line>
								<line number="162" hits="0" branch="false"/>
								<line number="164" hits="0" branch="false"/>
								<line number="165" hits="0" branch="false"/>
								<line number="166" hits="0" branch="false"/>
								<line number="167" hits="0" branch="false"/>
								<line number="168" hits="0" branch="false"/>
								<line number="169" hits="0" branch="false"/>
								<line number="171" hits="0" branch="true" condition-coverage="0% (0/2)">
									<conditions>
										<condition number="0" type="jump" coverage="0%"/>
									</conditions>
								</line>
								<line number="172" hits="0" branch="false"/>
								<line number="173" hits="0" branch="false"/>
								<line number="174" hits="0" branch="true" condition-coverage="0% (0/4)">
									<conditions>
										<condition number="0" type="jump" coverage="0%"/>
										<condition number="1" type="jump" coverage="0%"/>
									</conditions>
								</line>
								<line number="175" hits="0" branch="true" condition-coverage="0% (0/2)">
									<conditions>
										<condition number="0" type="jump" coverage="0%"/>
									</conditions>
								</line>
								<line number="176" hits="0" branch="false"/>
								<line number="177" hits="0" branch="true" condition-coverage="0% (0/2)">
									<conditions>
										<condition number="0" type="jump" coverage="0%"/>
									</conditions>
								</line>
								<line number="178" hits="0" branch="false"/>
								<line number="179" hits="0" branch="false"/>
								<line number="180" hits="0" branch="false"/>
								<line number="181" hits="0" branch="false"/>
								<line number="182" hits="0" branch="true" condition-coverage="0% (0/2)">
									<conditions>
										<condition number="0" type="jump" coverage="0%"/>
									</conditions>
								</line>
								<line number="183" hits="0" branch="false"/>
								<line number="184" hits="0" branch="false"/>
								<line number="185" hits="0" branch="true" condition-coverage="0% (0/2)">
									<conditions>
										<condition number="0" type="jump" coverage="0%"/>
									</conditions>
								</line>
								<line number="186" hits="0" branch="false"/>
								<line number="187" hits="0" branch="false"/>
								<line number="188" hits="0" branch="false"/>
								<line number="189" hits="0" branch="false"/>
								<line number="190" hits="0" branch="false"/>
								<line number="191" hits="0" branch="false"/>
								<line number="193" hits="0" branch="false"/>
								<line number="195" hits="0" branch="false"/>
								<line number="196" hits="0" branch="false"/>
								<line number="197" hits="0" branch="false"/>
								<line number="198" hits="0" branch="false"/>
								<line number="200" hits="0" branch="false"/>
							</lines>
						</method>
						<method name="getCryptKey" signature="(Ljava/lang/String;)Ljava/lang/String;" line-rate="0.0" branch-rate="0.0" complexity="0">
							<lines>
								<line number="270" hits="0" branch="true" condition-coverage="0% (0/2)">
									<conditions>
										<condition number="0" type="jump" coverage="0%"/>
									</conditions>
								</line>
								<line number="271" hits="0" branch="false"/>
								<line number="272" hits="0" branch="false"/>
								<line number="274" hits="0" branch="false"/>
							</lines>
						</method>
						<method name="isPatternAdded" signature="(Ljava/lang/String;Ljava/lang/String;)Z" line-rate="0.0" branch-rate="0.0" complexity="0">
							<lines>
								<line number="139" hits="0" branch="true" condition-coverage="0% (0/2)">
									<conditions>
										<condition number="0" type="jump" coverage="0%"/>
									</conditions>
								</line>
								<line number="140" hits="0" branch="false"/>
								<line number="141" hits="0" branch="true" condition-coverage="0% (0/2)">
									<conditions>
										<condition number="0" type="jump" coverage="0%"/>
									</conditions>
								</line>
								<line number="142" hits="0" branch="false"/>
								<line number="144" hits="0" branch="false"/>
								<line number="145" hits="0" branch="false"/>
								<line number="147" hits="0" branch="false"/>
							</lines>
						</method>
						<method name="isProfileAdded" signature="(Ljava/lang/String;Ljava/lang/String;)Z" line-rate="0.0" branch-rate="0.0" complexity="0">
							<lines>
								<line number="224" hits="0" branch="true" condition-coverage="0% (0/2)">
									<conditions>
										<condition number="0" type="jump" coverage="0%"/>
									</conditions>
								</line>
								<line number="225" hits="0" branch="false"/>
								<line number="226" hits="0" branch="true" condition-coverage="0% (0/2)">
									<conditions>
										<condition number="0" type="jump" coverage="0%"/>
									</conditions>
								</line>
								<line number="227" hits="0" branch="false"/>
								<line number="229" hits="0" branch="false"/>
								<line number="230" hits="0" branch="false"/>
								<line number="232" hits="0" branch="false"/>
							</lines>
						</method>
						<method name="provideS" signature="(Ljava/lang/String;Ljava/lang/String;)V" line-rate="0.0" branch-rate="0.0" complexity="0">
							<lines>
								<line number="208" hits="0" branch="true" condition-coverage="0% (0/2)">
									<conditions>
										<condition number="0" type="jump" coverage="0%"/>
									</conditions>
								</line>
								<line number="209" hits="0" branch="false"/>
								<line number="211" hits="0" branch="true" condition-coverage="0% (0/2)">
									<conditions>
										<condition number="0" type="jump" coverage="0%"/>
									</conditions>
								</line>
								<line number="212" hits="0" branch="false"/>
								<line number="213" hits="0" branch="true" condition-coverage="0% (0/2)">
									<conditions>
										<condition number="0" type="jump" coverage="0%"/>
									</conditions>
								</line>
								<line number="214" hits="0" branch="false"/>
								<line number="216" hits="0" branch="false"/>
								<line number="217" hits="0" branch="false"/>
								<line number="218" hits="0" branch="false"/>
								<line number="219" hits="0" branch="false"/>
								<line number="221" hits="0" branch="false"/>
							</lines>
						</method>
						<method name="register" signature="(Ljava/lang/String;Ljava/lang/String;)Ljava/lang/String;" line-rate="0.0" branch-rate="0.0" complexity="0">
							<lines>
								<line number="72" hits="0" branch="false"/>
								<line number="73" hits="0" branch="true" condition-coverage="0% (0/2)">
									<conditions>
										<condition number="0" type="jump" coverage="0%"/>
									</conditions>
								</line>
								<line number="74" hits="0" branch="false"/>
								<line number="76" hits="0" branch="false"/>
								<line number="77" hits="0" branch="true" condition-coverage="0% (0/2)">
									<conditions>
										<condition number="0" type="jump" coverage="0%"/>
									</conditions>
								</line>
								<line number="78" hits="0" branch="false"/>
								<line number="80" hits="0" branch="true" condition-coverage="0% (0/2)">
									<conditions>
										<condition number="0" type="jump" coverage="0%"/>
									</conditions>
								</line>
								<line number="81" hits="0" branch="true" condition-coverage="0% (0/4)">
									<conditions>
										<condition number="0" type="jump" coverage="0%"/>
										<condition number="1" type="jump" coverage="0%"/>
									</conditions>
								</line>
								<line number="82" hits="0" branch="false"/>
								<line number="83" hits="0" branch="true" condition-coverage="0% (0/2)">
									<conditions>
										<condition number="0" type="jump" coverage="0%"/>
									</conditions>
								</line>
								<line number="84" hits="0" branch="false"/>
								<line number="86" hits="0" branch="false"/>
								<line number="89" hits="0" branch="false"/>
								<line number="91" hits="0" branch="true" condition-coverage="0% (0/4)">
									<conditions>
										<condition number="0" type="jump" coverage="0%"/>
										<condition number="1" type="jump" coverage="0%"/>
									</conditions>
								</line>
								<line number="92" hits="0" branch="false"/>
								<line number="94" hits="0" branch="false"/>
								<line number="96" hits="0" branch="false"/>
							</lines>
						</method>
						<method name="sendC" signature="(Ljava/lang/String;Ljava/lang/String;)V" line-rate="0.0" branch-rate="0.0" complexity="0">
							<lines>
								<line number="103" hits="0" branch="true" condition-coverage="0% (0/2)">
									<conditions>
										<condition number="0" type="jump" coverage="0%"/>
									</conditions>
								</line>
								<line number="104" hits="0" branch="false"/>
								<line number="106" hits="0" branch="true" condition-coverage="0% (0/2)">
									<conditions>
										<condition number="0" type="jump" coverage="0%"/>
									</conditions>
								</line>
								<line number="107" hits="0" branch="false"/>
								<line number="108" hits="0" branch="true" condition-coverage="0% (0/2)">
									<conditions>
										<condition number="0" type="jump" coverage="0%"/>
									</conditions>
								</line>
								<line number="109" hits="0" branch="false"/>
								<line number="111" hits="0" branch="false"/>
								<line number="112" hits="0" branch="false"/>
								<line number="113" hits="0" branch="false"/>
								<line number="114" hits="0" branch="false"/>
								<line number="115" hits="0" branch="false"/>
								<line number="117" hits="0" branch="false"/>
							</lines>
						</method>
						<method name="subscribeC" signature="(Ljava/lang/String;Ljava/lang/String;)V" line-rate="0.0" branch-rate="0.0" complexity="0">
							<lines>
								<line number="123" hits="0" branch="true" condition-coverage="0% (0/2)">
									<conditions>
										<condition number="0" type="jump" coverage="0%"/>
									</conditions>
								</line>
								<line number="124" hits="0" branch="false"/>
								<line number="126" hits="0" branch="true" condition-coverage="0% (0/2)">
									<conditions>
										<condition number="0" type="jump" coverage="0%"/>
									</conditions>
								</line>
								<line number="127" hits="0" branch="false"/>
								<line number="128" hits="0" branch="true" condition-coverage="0% (0/2)">
									<conditions>
										<condition number="0" type="jump" coverage="0%"/>
									</conditions>
								</line>
								<line number="129" hits="0" branch="false"/>
								<line number="131" hits="0" branch="false"/>
								<line number="132" hits="0" branch="false"/>
								<line number="133" hits="0" branch="false"/>
								<line number="134" hits="0" branch="false"/>
								<line number="136" hits="0" branch="false"/>
							</lines>
						</method>
						<method name="unregister" signature="(Ljava/lang/String;)V" line-rate="0.0" branch-rate="0.0" complexity="0">
							<lines>
								<line number="240" hits="0" branch="true" condition-coverage="0% (0/2)">
									<conditions>
										<condition number="0" type="jump" coverage="0%"/>
									</conditions>
								</line>
								<line number="241" hits="0" branch="false"/>
								<line number="243" hits="0" branch="true" condition-coverage="0% (0/2)">
									<conditions>
										<condition number="0" type="jump" coverage="0%"/>
									</conditions>
								</line>
								<line number="244" hits="0" branch="false"/>
								<line number="246" hits="0" branch="false"/>
								<line number="247" hits="0" branch="true" condition-coverage="0% (0/2)">
									<conditions>
										<condition number="0" type="jump" coverage="0%"/>
									</conditions>
								</line>
								<line number="248" hits="0" branch="false"/>
								<line number="250" hits="0" branch="false"/>
								<line number="252" hits="0" branch="false"/>
							</lines>
						</method>
						<method name="unregisterAll" signature="()V" line-rate="0.0" branch-rate="0.0" complexity="0">
							<lines>
								<line number="258" hits="0" branch="false"/>
								<line number="259" hits="0" branch="true" condition-coverage="0% (0/2)">
									<conditions>
										<condition number="0" type="jump" coverage="0%"/>
									</conditions>
								</line>
								<line number="260" hits="0" branch="false"/>
								<line number="261" hits="0" branch="true" condition-coverage="0% (0/2)">
									<conditions>
										<condition number="0" type="jump" coverage="0%"/>
									</conditions>
								</line>
								<line number="262" hits="0" branch="false"/>
								<line number="264" hits="0" branch="false"/>
								<line number="266" hits="0" branch="false"/>
								<line number="267" hits="0" branch="false"/>
							</lines>
						</method>
					</methods>
					<lines>
						<line number="52" hits="0" branch="false"/>
						<line number="64" hits="0" branch="false"/>
						<line number="65" hits="0" branch="false"/>
						<line number="66" hits="0" branch="false"/>
						<line number="72" hits="0" branch="false"/>
						<line number="73" hits="0" branch="true" condition-coverage="0% (0/2)">
							<conditions>
								<condition number="0" type="jump" coverage="0%"/>
							</conditions>
						</line>
						<line number="74" hits="0" branch="false"/>
						<line number="76" hits="0" branch="false"/>
						<line number="77" hits="0" branch="true" condition-coverage="0% (0/2)">
							<conditions>
								<condition number="0" type="jump" coverage="0%"/>
							</conditions>
						</line>
						<line number="78" hits="0" branch="false"/>
						<line number="80" hits="0" branch="true" condition-coverage="0% (0/2)">
							<conditions>
								<condition number="0" type="jump" coverage="0%"/>
							</conditions>
						</line>
						<line number="81" hits="0" branch="true" condition-coverage="0% (0/4)">
							<conditions>
								<condition number="0" type="jump" coverage="0%"/>
								<condition number="1" type="jump" coverage="0%"/>
							</conditions>
						</line>
						<line number="82" hits="0" branch="false"/>
						<line number="83" hits="0" branch="true" condition-coverage="0% (0/2)">
							<conditions>
								<condition number="0" type="jump" coverage="0%"/>
							</conditions>
						</line>
						<line number="84" hits="0" branch="false"/>
						<line number="86" hits="0" branch="false"/>
						<line number="89" hits="0" branch="false"/>
						<line number="91" hits="0" branch="true" condition-coverage="0% (0/4)">
							<conditions>
								<condition number="0" type="jump" coverage="0%"/>
								<condition number="1" type="jump" coverage="0%"/>
							</conditions>
						</line>
						<line number="92" hits="0" branch="false"/>
						<line number="94" hits="0" branch="false"/>
						<line number="96" hits="0" branch="false"/>
						<line number="103" hits="0" branch="true" condition-coverage="0% (0/2)">
							<conditions>
								<condition number="0" type="jump" coverage="0%"/>
							</conditions>
						</line>
						<line number="104" hits="0" branch="false"/>
						<line number="106" hits="0" branch="true" condition-coverage="0% (0/2)">
							<conditions>
								<condition number="0" type="jump" coverage="0%"/>
							</conditions>
						</line>
						<line number="107" hits="0" branch="false"/>
						<line number="108" hits="0" branch="true" condition-coverage="0% (0/2)">
							<conditions>
								<condition number="0" type="jump" coverage="0%"/>
							</conditions>
						</line>
						<line number="109" hits="0" branch="false"/>
						<line number="111" hits="0" branch="false"/>
						<line number="112" hits="0" branch="false"/>
						<line number="113" hits="0" branch="false"/>
						<line number="114" hits="0" branch="false"/>
						<line number="115" hits="0" branch="false"/>
						<line number="117" hits="0" branch="false"/>
						<line number="123" hits="0" branch="true" condition-coverage="0% (0/2)">
							<conditions>
								<condition number="0" type="jump" coverage="0%"/>
							</conditions>
						</line>
						<line number="124" hits="0" branch="false"/>
						<line number="126" hits="0" branch="true" condition-coverage="0% (0/2)">
							<conditions>
								<condition number="0" type="jump" coverage="0%"/>
							</conditions>
						</line>
						<line number="127" hits="0" branch="false"/>
						<line number="128" hits="0" branch="true" condition-coverage="0% (0/2)">
							<conditions>
								<condition number="0" type="jump" coverage="0%"/>
							</conditions>
						</line>
						<line number="129" hits="0" branch="false"/>
						<line number="131" hits="0" branch="false"/>
						<line number="132" hits="0" branch="false"/>
						<line number="133" hits="0" branch="false"/>
						<line number="134" hits="0" branch="false"/>
						<line number="136" hits="0" branch="false"/>
						<line number="139" hits="0" branch="true" condition-coverage="0% (0/2)">
							<conditions>
								<condition number="0" type="jump" coverage="0%"/>
							</conditions>
						</line>
						<line number="140" hits="0" branch="false"/>
						<line number="141" hits="0" branch="true" condition-coverage="0% (0/2)">
							<conditions>
								<condition number="0" type="jump" coverage="0%"/>
							</conditions>
						</line>
						<line number="142" hits="0" branch="false"/>
						<line number="144" hits="0" branch="false"/>
						<line number="145" hits="0" branch="false"/>
						<line number="147" hits="0" branch="false"/>
						<line number="155" hits="0" branch="true" condition-coverage="0% (0/2)">
							<conditions>
								<condition number="0" type="jump" coverage="0%"/>
							</conditions>
						</line>
						<line number="156" hits="0" branch="false"/>
						<line number="158" hits="0" branch="false"/>
						<line number="159" hits="0" branch="true" condition-coverage="0% (0/2)">
							<conditions>
								<condition number="0" type="jump" coverage="0%"/>
							</conditions>
						</line>
						<line number="160" hits="0" branch="false"/>
						<line number="161" hits="0" branch="true" condition-coverage="0% (0/2)">
							<conditions>
								<condition number="0" type="jump" coverage="0%"/>
							</conditions>
						</line>
						<line number="162" hits="0" branch="false"/>
						<line number="164" hits="0" branch="false"/>
						<line number="165" hits="0" branch="false"/>
						<line number="166" hits="0" branch="false"/>
						<line number="167" hits="0" branch="false"/>
						<line number="168" hits="0" branch="false"/>
						<line number="169" hits="0" branch="false"/>
						<line number="171" hits="0" branch="true" condition-coverage="0% (0/2)">
							<conditions>
								<condition number="0" type="jump" coverage="0%"/>
							</conditions>
						</line>
						<line number="172" hits="0" branch="false"/>
						<line number="173" hits="0" branch="false"/>
						<line number="174" hits="0" branch="true" condition-coverage="0% (0/4)">
							<conditions>
								<condition number="0" type="jump" coverage="0%"/>
								<condition number="1" type="jump" coverage="0%"/>
							</conditions>
						</line>
						<line number="175" hits="0" branch="true" condition-coverage="0% (0/2)">
							<conditions>
								<condition number="0" type="jump" coverage="0%"/>
							</conditions>
						</line>
						<line number="176" hits="0" branch="false"/>
						<line number="177" hits="0" branch="true" condition-coverage="0% (0/2)">
							<conditions>
								<condition number="0" type="jump" coverage="0%"/>
							</conditions>
						</line>
						<line number="178" hits="0" branch="false"/>
						<line number="179" hits="0" branch="false"/>
						<line number="180" hits="0" branch="false"/>
						<line number="181" hits="0" branch="false"/>
						<line number="182" hits="0" branch="true" condition-coverage="0% (0/2)">
							<conditions>
								<condition number="0" type="jump" coverage="0%"/>
							</conditions>
						</line>
						<line number="183" hits="0" branch="false"/>
						<line number="184" hits="0" branch="false"/>
						<line number="185" hits="0" branch="true" condition-coverage="0% (0/2)">
							<conditions>
								<condition number="0" type="jump" coverage="0%"/>
							</conditions>
						</line>
						<line number="186" hits="0" branch="false"/>
						<line number="187" hits="0" branch="false"/>
						<line number="188" hits="0" branch="false"/>
						<line number="189" hits="0" branch="false"/>
						<line number="190" hits="0" branch="false"/>
						<line number="191" hits="0" branch="false"/>
						<line number="193" hits="0" branch="false"/>
						<line number="195" hits="0" branch="false"/>
						<line number="196" hits="0" branch="false"/>
						<line number="197" hits="0" branch="false"/>
						<line number="198" hits="0" branch="false"/>
						<line number="200" hits="0" branch="false"/>
						<line number="208" hits="0" branch="true" condition-coverage="0% (0/2)">
							<conditions>
								<condition number="0" type="jump" coverage="0%"/>
							</conditions>
						</line>
						<line number="209" hits="0" branch="false"/>
						<line number="211" hits="0" branch="true" condition-coverage="0% (0/2)">
							<conditions>
								<condition number="0" type="jump" coverage="0%"/>
							</conditions>
						</line>
						<line number="212" hits="0" branch="false"/>
						<line number="213" hits="0" branch="true" condition-coverage="0% (0/2)">
							<conditions>
								<condition number="0" type="jump" coverage="0%"/>
							</conditions>
						</line>
						<line number="214" hits="0" branch="false"/>
						<line number="216" hits="0" branch="false"/>
						<line number="217" hits="0" branch="false"/>
						<line number="218" hits="0" branch="false"/>
						<line number="219" hits="0" branch="false"/>
						<line number="221" hits="0" branch="false"/>
						<line number="224" hits="0" branch="true" condition-coverage="0% (0/2)">
							<conditions>
								<condition number="0" type="jump" coverage="0%"/>
							</conditions>
						</line>
						<line number="225" hits="0" branch="false"/>
						<line number="226" hits="0" branch="true" condition-coverage="0% (0/2)">
							<conditions>
								<condition number="0" type="jump" coverage="0%"/>
							</conditions>
						</line>
						<line number="227" hits="0" branch="false"/>
						<line number="229" hits="0" branch="false"/>
						<line number="230" hits="0" branch="false"/>
						<line number="232" hits="0" branch="false"/>
						<line number="240" hits="0" branch="true" condition-coverage="0% (0/2)">
							<conditions>
								<condition number="0" type="jump" coverage="0%"/>
							</conditions>
						</line>
						<line number="241" hits="0" branch="false"/>
						<line number="243" hits="0" branch="true" condition-coverage="0% (0/2)">
							<conditions>
								<condition number="0" type="jump" coverage="0%"/>
							</conditions>
						</line>
						<line number="244" hits="0" branch="false"/>
						<line number="246" hits="0" branch="false"/>
						<line number="247" hits="0" branch="true" condition-coverage="0% (0/2)">
							<conditions>
								<condition number="0" type="jump" coverage="0%"/>
							</conditions>
						</line>
						<line number="248" hits="0" branch="false"/>
						<line number="250" hits="0" branch="false"/>
						<line number="252" hits="0" branch="false"/>
						<line number="258" hits="0" branch="false"/>
						<line number="259" hits="0" branch="true" condition-coverage="0% (0/2)">
							<conditions>
								<condition number="0" type="jump" coverage="0%"/>
							</conditions>
						</line>
						<line number="260" hits="0" branch="false"/>
						<line number="261" hits="0" branch="true" condition-coverage="0% (0/2)">
							<conditions>
								<condition number="0" type="jump" coverage="0%"/>
							</conditions>
						</line>
						<line number="262" hits="0" branch="false"/>
						<line number="264" hits="0" branch="false"/>
						<line number="266" hits="0" branch="false"/>
						<line number="267" hits="0" branch="false"/>
						<line number="270" hits="0" branch="true" condition-coverage="0% (0/2)">
							<conditions>
								<condition number="0" type="jump" coverage="0%"/>
							</conditions>
						</line>
						<line number="271" hits="0" branch="false"/>
						<line number="272" hits="0" branch="false"/>
						<line number="274" hits="0" branch="false"/>
					</lines>
				</class>
				<class name="org.universAAL.ri.api.manager.RemoteUAAL" filename="org/universAAL/ri/api/manager/RemoteUAAL.java" line-rate="0.0" branch-rate="0.0" complexity="1.5555555555555556">
					<methods>
						<method name="&lt;init&gt;" signature="(Lorg/universAAL/middleware/container/ModuleContext;Ljava/lang/String;Ljava/lang/String;Ljava/lang/String;)V" line-rate="0.0" branch-rate="1.0" complexity="0">
							<lines>
								<line number="75" hits="0" branch="false"/>
								<line number="76" hits="0" branch="false"/>
								<line number="149" hits="0" branch="false"/>
								<line number="150" hits="0" branch="false"/>
								<line number="151" hits="0" branch="false"/>
								<line number="152" hits="0" branch="false"/>
								<line number="153" hits="0" branch="false"/>
							</lines>
						</method>
						<method name="access$000" signature="(Lorg/universAAL/ri/api/manager/RemoteUAAL;)Ljava/lang/String;" line-rate="1.0" branch-rate="1.0" complexity="0">
							<lines>
							</lines>
						</method>
						<method name="access$100" signature="(Lorg/universAAL/ri/api/manager/RemoteUAAL;)Ljava/lang/String;" line-rate="0.0" branch-rate="1.0" complexity="0">
							<lines>
								<line number="46" hits="0" branch="false"/>
							</lines>
						</method>
						<method name="createCListener" signature="(Ljava/lang/String;)Lorg/universAAL/support/utils/ICListener;" line-rate="0.0" branch-rate="1.0" complexity="0">
							<lines>
								<line number="197" hits="0" branch="false"/>
							</lines>
						</method>
						<method name="createSListener" signature="(Ljava/lang/String;)Lorg/universAAL/support/utils/ISListener;" line-rate="0.0" branch-rate="1.0" complexity="0">
							<lines>
								<line number="210" hits="0" branch="false"/>
							</lines>
						</method>
						<method name="getCEPsList" signature="()Ljava/util/List;" line-rate="0.0" branch-rate="1.0" complexity="0">
							<lines>
								<line number="84" hits="0" branch="false"/>
							</lines>
						</method>
						<method name="getKey" signature="()Ljava/lang/String;" line-rate="0.0" branch-rate="1.0" complexity="0">
							<lines>
								<line number="170" hits="0" branch="false"/>
							</lines>
						</method>
						<method name="getRemoteID" signature="()Ljava/lang/String;" line-rate="0.0" branch-rate="1.0" complexity="0">
							<lines>
								<line number="161" hits="0" branch="false"/>
							</lines>
						</method>
						<method name="getSProfilesList" signature="()Ljava/util/List;" line-rate="0.0" branch-rate="1.0" complexity="0">
							<lines>
								<line number="93" hits="0" branch="false"/>
							</lines>
						</method>
						<method name="isPatternAdded" signature="(Ljava/lang/String;)Z" line-rate="0.0" branch-rate="1.0" complexity="0">
							<lines>
								<line number="109" hits="0" branch="false"/>
							</lines>
						</method>
						<method name="isProfileAdded" signature="(Ljava/lang/String;)Z" line-rate="0.0" branch-rate="1.0" complexity="0">
							<lines>
								<line number="125" hits="0" branch="false"/>
							</lines>
						</method>
						<method name="provideS" signature="([Lorg/universAAL/middleware/service/owls/profile/ServiceProfile;Lorg/universAAL/support/utils/ISListener;)V" line-rate="0.0" branch-rate="0.0" complexity="0">
							<lines>
								<line number="115" hits="0" branch="true" condition-coverage="0% (0/2)">
									<conditions>
										<condition number="0" type="jump" coverage="0%"/>
									</conditions>
								</line>
								<line number="116" hits="0" branch="true" condition-coverage="0% (0/2)">
									<conditions>
										<condition number="0" type="jump" coverage="0%"/>
									</conditions>
								</line>
								<line number="118" hits="0" branch="false"/>
								<line number="119" hits="0" branch="false"/>
								<line number="122" hits="0" branch="false"/>
							</lines>
						</method>
						<method name="setRemoteID" signature="(Ljava/lang/String;Ljava/lang/String;)V" line-rate="0.0" branch-rate="1.0" complexity="0">
							<lines>
								<line number="182" hits="0" branch="false"/>
								<line number="183" hits="0" branch="false"/>
								<line number="184" hits="0" branch="false"/>
							</lines>
						</method>
						<method name="subscribeC" signature="([Lorg/universAAL/middleware/context/ContextEventPattern;Lorg/universAAL/support/utils/ICListener;)V" line-rate="0.0" branch-rate="0.0" complexity="0">
							<lines>
								<line number="99" hits="0" branch="true" condition-coverage="0% (0/2)">
									<conditions>
										<condition number="0" type="jump" coverage="0%"/>
									</conditions>
								</line>
								<line number="100" hits="0" branch="true" condition-coverage="0% (0/2)">
									<conditions>
										<condition number="0" type="jump" coverage="0%"/>
									</conditions>
								</line>
								<line number="102" hits="0" branch="false"/>
								<line number="103" hits="0" branch="false"/>
								<line number="106" hits="0" branch="false"/>
							</lines>
						</method>
						<method name="terminate" signature="()V" line-rate="0.0" branch-rate="1.0" complexity="0">
							<lines>
								<line number="131" hits="0" branch="false"/>
								<line number="132" hits="0" branch="false"/>
								<line number="133" hits="0" branch="false"/>
								<line number="134" hits="0" branch="false"/>
							</lines>
						</method>
					</methods>
					<lines>
						<line number="46" hits="0" branch="false"/>
						<line number="75" hits="0" branch="false"/>
						<line number="76" hits="0" branch="false"/>
						<line number="84" hits="0" branch="false"/>
						<line number="93" hits="0" branch="false"/>
						<line number="99" hits="0" branch="true" condition-coverage="0% (0/2)">
							<conditions>
								<condition number="0" type="jump" coverage="0%"/>
							</conditions>
						</line>
						<line number="100" hits="0" branch="true" condition-coverage="0% (0/2)">
							<conditions>
								<condition number="0" type="jump" coverage="0%"/>
							</conditions>
						</line>
						<line number="102" hits="0" branch="false"/>
						<line number="103" hits="0" branch="false"/>
						<line number="106" hits="0" branch="false"/>
						<line number="109" hits="0" branch="false"/>
						<line number="115" hits="0" branch="true" condition-coverage="0% (0/2)">
							<conditions>
								<condition number="0" type="jump" coverage="0%"/>
							</conditions>
						</line>
						<line number="116" hits="0" branch="true" condition-coverage="0% (0/2)">
							<conditions>
								<condition number="0" type="jump" coverage="0%"/>
							</conditions>
						</line>
						<line number="118" hits="0" branch="false"/>
						<line number="119" hits="0" branch="false"/>
						<line number="122" hits="0" branch="false"/>
						<line number="125" hits="0" branch="false"/>
						<line number="131" hits="0" branch="false"/>
						<line number="132" hits="0" branch="false"/>
						<line number="133" hits="0" branch="false"/>
						<line number="134" hits="0" branch="false"/>
						<line number="149" hits="0" branch="false"/>
						<line number="150" hits="0" branch="false"/>
						<line number="151" hits="0" branch="false"/>
						<line number="152" hits="0" branch="false"/>
						<line number="153" hits="0" branch="false"/>
						<line number="161" hits="0" branch="false"/>
						<line number="170" hits="0" branch="false"/>
						<line number="182" hits="0" branch="false"/>
						<line number="183" hits="0" branch="false"/>
						<line number="184" hits="0" branch="false"/>
						<line number="197" hits="0" branch="false"/>
						<line number="210" hits="0" branch="false"/>
					</lines>
				</class>
				<class name="org.universAAL.ri.api.manager.RemoteUAAL$CListener" filename="org/universAAL/ri/api/manager/RemoteUAAL.java" line-rate="0.0" branch-rate="1.0" complexity="1.5555555555555556">
					<methods>
						<method name="&lt;init&gt;" signature="(Lorg/universAAL/ri/api/manager/RemoteUAAL;Ljava/lang/String;)V" line-rate="0.0" branch-rate="1.0" complexity="0">
							<lines>
								<line number="222" hits="0" branch="false"/>
								<line number="223" hits="0" branch="false"/>
								<line number="224" hits="0" branch="false"/>
							</lines>
						</method>
						<method name="access$200" signature="(Lorg/universAAL/ri/api/manager/RemoteUAAL$CListener;)Ljava/lang/String;" line-rate="0.0" branch-rate="1.0" complexity="0">
							<lines>
								<line number="220" hits="0" branch="false"/>
							</lines>
						</method>
						<method name="handleContextEvent" signature="(Lorg/universAAL/middleware/context/ContextEvent;)V" line-rate="0.0" branch-rate="1.0" complexity="0">
							<lines>
								<line number="238" hits="0" branch="false"/>
								<line number="253" hits="0" branch="false"/>
							</lines>
						</method>
					</methods>
					<lines>
						<line number="220" hits="0" branch="false"/>
						<line number="222" hits="0" branch="false"/>
						<line number="223" hits="0" branch="false"/>
						<line number="224" hits="0" branch="false"/>
						<line number="238" hits="0" branch="false"/>
						<line number="253" hits="0" branch="false"/>
					</lines>
				</class>
				<class name="org.universAAL.ri.api.manager.RemoteUAAL$CListener$1" filename="org/universAAL/ri/api/manager/RemoteUAAL.java" line-rate="0.0" branch-rate="0.0" complexity="1.5555555555555556">
					<methods>
						<method name="&lt;init&gt;" signature="(Lorg/universAAL/ri/api/manager/RemoteUAAL$CListener;Ljava/lang/String;Lorg/universAAL/middleware/context/ContextEvent;)V" line-rate="0.0" branch-rate="1.0" complexity="0">
							<lines>
								<line number="239" hits="0" branch="false"/>
							</lines>
						</method>
						<method name="run" signature="()V" line-rate="0.0" branch-rate="0.0" complexity="0">
							<lines>
								<line number="242" hits="0" branch="true" condition-coverage="0% (0/2)">
									<conditions>
										<condition number="0" type="jump" coverage="0%"/>
									</conditions>
								</line>
								<line number="243" hits="0" branch="false"/>
								<line number="245" hits="0" branch="false"/>
								<line number="246" hits="0" branch="false"/>
								<line number="247" hits="0" branch="false"/>
								<line number="249" hits="0" branch="false"/>
								<line number="250" hits="0" branch="false"/>
								<line number="251" hits="0" branch="false"/>
							</lines>
						</method>
					</methods>
					<lines>
						<line number="239" hits="0" branch="false"/>
						<line number="242" hits="0" branch="true" condition-coverage="0% (0/2)">
							<conditions>
								<condition number="0" type="jump" coverage="0%"/>
							</conditions>
						</line>
						<line number="243" hits="0" branch="false"/>
						<line number="245" hits="0" branch="false"/>
						<line number="246" hits="0" branch="false"/>
						<line number="247" hits="0" branch="false"/>
						<line number="249" hits="0" branch="false"/>
						<line number="250" hits="0" branch="false"/>
						<line number="251" hits="0" branch="false"/>
					</lines>
				</class>
				<class name="org.universAAL.ri.api.manager.RemoteUAAL$SListener" filename="org/universAAL/ri/api/manager/RemoteUAAL.java" line-rate="0.0" branch-rate="0.0" complexity="1.5555555555555556">
					<methods>
						<method name="&lt;init&gt;" signature="(Lorg/universAAL/ri/api/manager/RemoteUAAL;Ljava/lang/String;)V" line-rate="0.0" branch-rate="1.0" complexity="0">
							<lines>
								<line number="270" hits="0" branch="false"/>
								<line number="271" hits="0" branch="false"/>
								<line number="272" hits="0" branch="false"/>
							</lines>
						</method>
						<method name="handleCall" signature="(Lorg/universAAL/middleware/service/ServiceCall;)Lorg/universAAL/middleware/service/ServiceResponse;" line-rate="0.0" branch-rate="0.0" complexity="0">
							<lines>
								<line number="284" hits="0" branch="true" condition-coverage="0% (0/2)">
									<conditions>
										<condition number="0" type="jump" coverage="0%"/>
									</conditions>
								</line>
								<line number="285" hits="0" branch="false"/>
								<line number="287" hits="0" branch="false"/>
								<line number="289" hits="0" branch="false"/>
								<line number="290" hits="0" branch="false"/>
								<line number="291" hits="0" branch="false"/>
								<line number="293" hits="0" branch="false"/>
								<line number="294" hits="0" branch="false"/>
							</lines>
						</method>
					</methods>
					<lines>
						<line number="270" hits="0" branch="false"/>
						<line number="271" hits="0" branch="false"/>
						<line number="272" hits="0" branch="false"/>
						<line number="284" hits="0" branch="true" condition-coverage="0% (0/2)">
							<conditions>
								<condition number="0" type="jump" coverage="0%"/>
							</conditions>
						</line>
						<line number="285" hits="0" branch="false"/>
						<line number="287" hits="0" branch="false"/>
						<line number="289" hits="0" branch="false"/>
						<line number="290" hits="0" branch="false"/>
						<line number="291" hits="0" branch="false"/>
						<line number="293" hits="0" branch="false"/>
						<line number="294" hits="0" branch="false"/>
					</lines>
				</class>
			</classes>
		</package>
		<package name="org.universAAL.ri.api.manager.exceptions" line-rate="0.0" branch-rate="1.0" complexity="1.0">
			<classes>
				<class name="org.universAAL.ri.api.manager.exceptions.APIImplException" filename="org/universAAL/ri/api/manager/exceptions/APIImplException.java" line-rate="0.0" branch-rate="1.0" complexity="1.0">
					<methods>
						<method name="&lt;init&gt;" signature="(Ljava/lang/String;)V" line-rate="0.0" branch-rate="1.0" complexity="0">
							<lines>
								<line number="41" hits="0" branch="false"/>
								<line number="42" hits="0" branch="false"/>
							</lines>
						</method>
					</methods>
					<lines>
						<line number="41" hits="0" branch="false"/>
						<line number="42" hits="0" branch="false"/>
					</lines>
				</class>
				<class name="org.universAAL.ri.api.manager.exceptions.PushException" filename="org/universAAL/ri/api/manager/exceptions/PushException.java" line-rate="0.0" branch-rate="1.0" complexity="1.0">
					<methods>
						<method name="&lt;init&gt;" signature="(Ljava/lang/String;)V" line-rate="0.0" branch-rate="1.0" complexity="0">
							<lines>
								<line number="41" hits="0" branch="false"/>
								<line number="42" hits="0" branch="false"/>
							</lines>
						</method>
					</methods>
					<lines>
						<line number="41" hits="0" branch="false"/>
						<line number="42" hits="0" branch="false"/>
					</lines>
				</class>
				<class name="org.universAAL.ri.api.manager.exceptions.RAPIException" filename="org/universAAL/ri/api/manager/exceptions/RAPIException.java" line-rate="0.0" branch-rate="1.0" complexity="1.0">
					<methods>
						<method name="&lt;init&gt;" signature="(Ljava/lang/String;)V" line-rate="0.0" branch-rate="1.0" complexity="0">
							<lines>
								<line number="41" hits="0" branch="false"/>
								<line number="42" hits="0" branch="false"/>
							</lines>
						</method>
					</methods>
					<lines>
						<line number="41" hits="0" branch="false"/>
						<line number="42" hits="0" branch="false"/>
					</lines>
				</class>
			</classes>
		</package>
		<package name="org.universAAL.ri.api.manager.push" line-rate="0.0" branch-rate="0.0" complexity="5.95">
			<classes>
				<class name="org.universAAL.ri.api.manager.push.CryptUtil" filename="org/universAAL/ri/api/manager/push/CryptUtil.java" line-rate="0.0" branch-rate="0.0" complexity="1.2">
					<methods>
						<method name="&lt;clinit&gt;" signature="()V" line-rate="0.0" branch-rate="1.0" complexity="0">
							<lines>
								<line number="46" hits="0" branch="false"/>
							</lines>
						</method>
						<method name="&lt;init&gt;" signature="()V" line-rate="0.0" branch-rate="1.0" complexity="0">
							<lines>
								<line number="41" hits="0" branch="false"/>
							</lines>
						</method>
						<method name="decode" signature="(Ljava/lang/String;)[B" line-rate="0.0" branch-rate="1.0" complexity="0">
							<lines>
								<line number="146" hits="0" branch="false"/>
							</lines>
						</method>
						<method name="decrypt" signature="(Ljava/lang/String;)Ljava/lang/String;" line-rate="0.0" branch-rate="1.0" complexity="0">
							<lines>
								<line number="74" hits="0" branch="false"/>
							</lines>
						</method>
						<method name="decrypt" signature="(Ljava/lang/String;Ljavax/crypto/SecretKey;)Ljava/lang/String;" line-rate="0.0" branch-rate="1.0" complexity="0">
							<lines>
								<line number="90" hits="0" branch="false"/>
								<line number="91" hits="0" branch="false"/>
								<line number="92" hits="0" branch="false"/>
							</lines>
						</method>
						<method name="encode" signature="([B)[B" line-rate="0.0" branch-rate="1.0" complexity="0">
							<lines>
								<line number="142" hits="0" branch="false"/>
							</lines>
						</method>
						<method name="encrypt" signature="(Ljava/lang/String;)Ljava/lang/String;" line-rate="0.0" branch-rate="1.0" complexity="0">
							<lines>
								<line number="105" hits="0" branch="false"/>
							</lines>
						</method>
						<method name="encrypt" signature="(Ljava/lang/String;Ljavax/crypto/SecretKey;)Ljava/lang/String;" line-rate="0.0" branch-rate="1.0" complexity="0">
							<lines>
								<line number="121" hits="0" branch="false"/>
								<line number="122" hits="0" branch="false"/>
								<line number="123" hits="0" branch="false"/>
							</lines>
						</method>
						<method name="genKey" signature="([B)Ljavax/crypto/SecretKey;" line-rate="0.0" branch-rate="1.0" complexity="0">
							<lines>
								<line number="135" hits="0" branch="false"/>
								<line number="136" hits="0" branch="false"/>
								<line number="137" hits="0" branch="false"/>
								<line number="138" hits="0" branch="false"/>
							</lines>
						</method>
						<method name="generateClientKey" signature="(Ljava/lang/String;)Ljava/lang/String;" line-rate="0.0" branch-rate="1.0" complexity="0">
							<lines>
								<line number="151" hits="0" branch="false"/>
								<line number="152" hits="0" branch="false"/>
								<line number="153" hits="0" branch="false"/>
								<line number="154" hits="0" branch="false"/>
								<line number="156" hits="0" branch="false"/>
								<line number="157" hits="0" branch="false"/>
								<line number="158" hits="0" branch="false"/>
							</lines>
						</method>
						<method name="init" signature="(Ljava/lang/String;)Ljava/lang/String;" line-rate="0.0" branch-rate="0.0" complexity="0">
							<lines>
								<line number="55" hits="0" branch="false"/>
								<line number="56" hits="0" branch="false"/>
								<line number="57" hits="0" branch="true" condition-coverage="0% (0/2)">
									<conditions>
										<condition number="0" type="jump" coverage="0%"/>
									</conditions>
								</line>
								<line number="58" hits="0" branch="false"/>
								<line number="61" hits="0" branch="false"/>
							</lines>
						</method>
						<method name="readKey" signature="(Ljava/io/File;)Ljavax/crypto/SecretKey;" line-rate="0.0" branch-rate="1.0" complexity="0">
							<lines>
								<line number="127" hits="0" branch="false"/>
								<line number="128" hits="0" branch="false"/>
								<line number="129" hits="0" branch="false"/>
								<line number="130" hits="0" branch="false"/>
								<line number="131" hits="0" branch="false"/>
							</lines>
						</method>
					</methods>
					<lines>
						<line number="41" hits="0" branch="false"/>
						<line number="46" hits="0" branch="false"/>
						<line number="55" hits="0" branch="false"/>
						<line number="56" hits="0" branch="false"/>
						<line number="57" hits="0" branch="true" condition-coverage="0% (0/2)">
							<conditions>
								<condition number="0" type="jump" coverage="0%"/>
							</conditions>
						</line>
						<line number="58" hits="0" branch="false"/>
						<line number="61" hits="0" branch="false"/>
						<line number="74" hits="0" branch="false"/>
						<line number="90" hits="0" branch="false"/>
						<line number="91" hits="0" branch="false"/>
						<line number="92" hits="0" branch="false"/>
						<line number="105" hits="0" branch="false"/>
						<line number="121" hits="0" branch="false"/>
						<line number="122" hits="0" branch="false"/>
						<line number="123" hits="0" branch="false"/>
						<line number="127" hits="0" branch="false"/>
						<line number="128" hits="0" branch="false"/>
						<line number="129" hits="0" branch="false"/>
						<line number="130" hits="0" branch="false"/>
						<line number="131" hits="0" branch="false"/>
						<line number="135" hits="0" branch="false"/>
						<line number="136" hits="0" branch="false"/>
						<line number="137" hits="0" branch="false"/>
						<line number="138" hits="0" branch="false"/>
						<line number="142" hits="0" branch="false"/>
						<line number="146" hits="0" branch="false"/>
						<line number="151" hits="0" branch="false"/>
						<line number="152" hits="0" branch="false"/>
						<line number="153" hits="0" branch="false"/>
						<line number="154" hits="0" branch="false"/>
						<line number="156" hits="0" branch="false"/>
						<line number="157" hits="0" branch="false"/>
						<line number="158" hits="0" branch="false"/>
					</lines>
				</class>
				<class name="org.universAAL.ri.api.manager.push.PushGCM" filename="org/universAAL/ri/api/manager/push/PushGCM.java" line-rate="0.0" branch-rate="0.0" complexity="13.2">
					<methods>
						<method name="&lt;clinit&gt;" signature="()V" line-rate="0.0" branch-rate="1.0" complexity="0">
							<lines>
								<line number="68" hits="0" branch="false"/>
								<line number="77" hits="0" branch="false"/>
							</lines>
						</method>
						<method name="&lt;init&gt;" signature="()V" line-rate="0.0" branch-rate="1.0" complexity="0">
							<lines>
								<line number="63" hits="0" branch="false"/>
							</lines>
						</method>
						<method name="callS" signature="(Ljava/lang/String;Ljava/lang/String;Lorg/universAAL/middleware/service/ServiceCall;Ljava/lang/String;)Lorg/universAAL/middleware/service/ServiceResponse;" line-rate="0.0" branch-rate="0.0" complexity="0">
							<lines>
								<line number="175" hits="0" branch="false"/>
								<line number="177" hits="0" branch="false"/>
								<line number="178" hits="0" branch="false"/>
								<line number="180" hits="0" branch="false"/>
								<line number="181" hits="0" branch="false"/>
								<line number="183" hits="0" branch="false"/>
								<line number="185" hits="0" branch="true" condition-coverage="0% (0/2)">
									<conditions>
										<condition number="0" type="jump" coverage="0%"/>
									</conditions>
								</line>
								<line number="186" hits="0" branch="false"/>
								<line number="188" hits="0" branch="false"/>
								<line number="189" hits="0" branch="true" condition-coverage="0% (0/2)">
									<conditions>
										<condition number="0" type="jump" coverage="0%"/>
									</conditions>
								</line>
								<line number="190" hits="0" branch="false"/>
								<line number="191" hits="0" branch="false"/>
								<line number="194" hits="0" branch="false"/>
								<line number="195" hits="0" branch="true" condition-coverage="0% (0/2)">
									<conditions>
										<condition number="0" type="jump" coverage="0%"/>
									</conditions>
								</line>
								<line number="196" hits="0" branch="false"/>
								<line number="197" hits="0" branch="true" condition-coverage="0% (0/2)">
									<conditions>
										<condition number="0" type="jump" coverage="0%"/>
									</conditions>
								</line>
								<line number="198" hits="0" branch="true" condition-coverage="0% (0/2)">
									<conditions>
										<condition number="0" type="jump" coverage="0%"/>
									</conditions>
								</line>
								<line number="199" hits="0" branch="true" condition-coverage="0% (0/2)">
									<conditions>
										<condition number="0" type="jump" coverage="0%"/>
									</conditions>
								</line>
								<line number="200" hits="0" branch="false"/>
								<line number="201" hits="0" branch="false"/>
								<line number="202" hits="0" branch="true" condition-coverage="0% (0/2)">
									<conditions>
										<condition number="0" type="jump" coverage="0%"/>
									</conditions>
								</line>
								<line number="203" hits="0" branch="false"/>
								<line number="204" hits="0" branch="true" condition-coverage="0% (0/2)">
									<conditions>
										<condition number="0" type="jump" coverage="0%"/>
									</conditions>
								</line>
								<line number="205" hits="0" branch="false"/>
								<line number="206" hits="0" branch="false"/>
								<line number="207" hits="0" branch="false"/>
								<line number="208" hits="0" branch="true" condition-coverage="0% (0/2)">
									<conditions>
										<condition number="0" type="jump" coverage="0%"/>
									</conditions>
								</line>
								<line number="209" hits="0" branch="false"/>
								<line number="210" hits="0" branch="false"/>
								<line number="211" hits="0" branch="false"/>
								<line number="213" hits="0" branch="false"/>
								<line number="217" hits="0" branch="true" condition-coverage="0% (0/2)">
									<conditions>
										<condition number="0" type="jump" coverage="0%"/>
									</conditions>
								</line>
								<line number="218" hits="0" branch="true" condition-coverage="0% (0/2)">
									<conditions>
										<condition number="0" type="jump" coverage="0%"/>
									</conditions>
								</line>
								<line number="222" hits="0" branch="false"/>
								<line number="223" hits="0" branch="false"/>
								<line number="224" hits="0" branch="false"/>
								<line number="225" hits="0" branch="false"/>
								<line number="226" hits="0" branch="false"/>
								<line number="227" hits="0" branch="true" condition-coverage="0% (0/2)">
									<conditions>
										<condition number="0" type="jump" coverage="0%"/>
									</conditions>
								</line>
								<line number="229" hits="0" branch="true" condition-coverage="0% (0/2)">
									<conditions>
										<condition number="0" type="jump" coverage="0%"/>
									</conditions>
								</line>
								<line number="230" hits="0" branch="false"/>
								<line number="231" hits="0" branch="false"/>
								<line number="232" hits="0" branch="false"/>
								<line number="234" hits="0" branch="false"/>
								<line number="237" hits="0" branch="false"/>
								<line number="238" hits="0" branch="false"/>
								<line number="239" hits="0" branch="false"/>
								<line number="240" hits="0" branch="false"/>
								<line number="243" hits="0" branch="false"/>
								<line number="244" hits="0" branch="false"/>
								<line number="245" hits="0" branch="false"/>
								<line number="248" hits="0" branch="false"/>
								<line number="249" hits="0" branch="false"/>
								<line number="252" hits="0" branch="false"/>
								<line number="253" hits="0" branch="false"/>
								<line number="254" hits="0" branch="false"/>
								<line number="255" hits="0" branch="false"/>
								<line number="256" hits="0" branch="false"/>
								<line number="257" hits="0" branch="false"/>
								<line number="258" hits="0" branch="false"/>
								<line number="259" hits="0" branch="false"/>
								<line number="260" hits="0" branch="false"/>
							</lines>
						</method>
						<method name="handleResponse" signature="(Ljava/lang/String;Ljava/lang/String;)V" line-rate="0.0" branch-rate="0.0" complexity="0">
							<lines>
								<line number="330" hits="0" branch="false"/>
								<line number="331" hits="0" branch="false"/>
								<line number="332" hits="0" branch="false"/>
								<line number="333" hits="0" branch="false"/>
								<line number="334" hits="0" branch="false"/>
								<line number="335" hits="0" branch="false"/>
								<line number="337" hits="0" branch="false"/>
								<line number="338" hits="0" branch="true" condition-coverage="0% (0/4)">
									<conditions>
										<condition number="0" type="jump" coverage="0%"/>
										<condition number="1" type="jump" coverage="0%"/>
									</conditions>
								</line>
								<line number="339" hits="0" branch="false"/>
								<line number="340" hits="0" branch="true" condition-coverage="0% (0/2)">
									<conditions>
										<condition number="0" type="jump" coverage="0%"/>
									</conditions>
								</line>
								<line number="341" hits="0" branch="true" condition-coverage="0% (0/4)">
									<conditions>
										<condition number="0" type="jump" coverage="0%"/>
										<condition number="1" type="jump" coverage="0%"/>
									</conditions>
								</line>
								<line number="342" hits="0" branch="false"/>
								<line number="343" hits="0" branch="true" condition-coverage="0% (0/2)">
									<conditions>
										<condition number="0" type="jump" coverage="0%"/>
									</conditions>
								</line>
								<line number="344" hits="0" branch="true" condition-coverage="0% (0/2)">
									<conditions>
										<condition number="0" type="jump" coverage="0%"/>
									</conditions>
								</line>
								<line number="345" hits="0" branch="false"/>
								<line number="347" hits="0" branch="false"/>
								<line number="350" hits="0" branch="true" condition-coverage="0% (0/2)">
[...]
							</lines>
						</method>
					</methods>
					<lines>
						<line number="43" hits="0" branch="false"/>
						<line number="66" hits="0" branch="false"/>
						<line number="67" hits="0" branch="false"/>
						<line number="68" hits="0" branch="false"/>
						<line number="69" hits="0" branch="false"/>
						<line number="70" hits="0" branch="true" condition-coverage="0% (0/4)">
							<conditions>
								<condition number="0" type="jump" coverage="0%"/>
								<condition number="1" type="jump" coverage="0%"/>
							</conditions>
						</line>
						<line number="71" hits="0" branch="false"/>
						<line number="73" hits="0" branch="false"/>
						<line number="74" hits="0" branch="false"/>
						<line number="75" hits="0" branch="false"/>
						<line number="76" hits="0" branch="false"/>
						<line number="78" hits="0" branch="false"/>
						<line number="80" hits="0" branch="false"/>
						<line number="81" hits="0" branch="false"/>
						<line number="82" hits="0" branch="false"/>
						<line number="84" hits="0" branch="false"/>
						<line number="87" hits="0" branch="false"/>
						<line number="92" hits="0" branch="false"/>
						<line number="97" hits="0" branch="false"/>
						<line number="102" hits="0" branch="false"/>
						<line number="103" hits="0" branch="false"/>
						<line number="104" hits="0" branch="true" condition-coverage="0% (0/2)">
							<conditions>
								<condition number="0" type="jump" coverage="0%"/>
							</conditions>
						</line>
						<line number="105" hits="0" branch="false"/>
						<line number="107" hits="0" branch="false"/>
						<line number="108" hits="0" branch="false"/>
						<line number="110" hits="0" branch="false"/>
						<line number="112" hits="0" branch="false"/>
						<line number="113" hits="0" branch="false"/>
						<line number="114" hits="0" branch="true" condition-coverage="0% (0/2)">
							<conditions>
								<condition number="0" type="jump" coverage="0%"/>
							</conditions>
						</line>
						<line number="115" hits="0" branch="false"/>
						<line number="117" hits="0" branch="false"/>
						<line number="118" hits="0" branch="false"/>
						<line number="120" hits="0" branch="false"/>
						<line number="122" hits="0" branch="false"/>
						<line number="123" hits="0" branch="false"/>
						<line number="124" hits="0" branch="true" condition-coverage="0% (0/2)">
							<conditions>
								<condition number="0" type="jump" coverage="0%"/>
							</conditions>
						</line>
						<line number="125" hits="0" branch="false"/>
						<line number="127" hits="0" branch="false"/>
						<line number="128" hits="0" branch="false"/>
						<line number="130" hits="0" branch="false"/>
						<line number="132" hits="0" branch="false"/>
						<line number="133" hits="0" branch="false"/>
						<line number="134" hits="0" branch="true" condition-coverage="0% (0/2)">
							<conditions>
								<condition number="0" type="jump" coverage="0%"/>
							</conditions>
						</line>
						<line number="135" hits="0" branch="false"/>
						<line number="137" hits="0" branch="false"/>
						<line number="138" hits="0" branch="false"/>
						<line number="140" hits="0" branch="false"/>
						<line number="142" hits="0" branch="false"/>
						<line number="143" hits="0" branch="false"/>
						<line number="144" hits="0" branch="false"/>
						<line number="146" hits="0" branch="false"/>
						<line number="147" hits="0" branch="true" condition-coverage="0% (0/2)">
							<conditions>
								<condition number="0" type="jump" coverage="0%"/>
							</conditions>
						</line>
						<line number="148" hits="0" branch="false"/>
						<line number="150" hits="0" branch="true" condition-coverage="0% (0/2)">
							<conditions>
								<condition number="0" type="jump" coverage="0%"/>
							</conditions>
						</line>
						<line number="151" hits="0" branch="false"/>
						<line number="153" hits="0" branch="false"/>
						<line number="154" hits="0" branch="false"/>
						<line number="155" hits="0" branch="false"/>
						<line number="156" hits="0" branch="false"/>
						<line number="157" hits="0" branch="false"/>
						<line number="159" hits="0" branch="false"/>
						<line number="160" hits="0" branch="false"/>
						<line number="166" hits="0" branch="false"/>
						<line number="168" hits="0" branch="true" condition-coverage="0% (0/2)">
							<conditions>
								<condition number="0" type="jump" coverage="0%"/>
							</conditions>
						</line>
						<line number="170" hits="0" branch="true" condition-coverage="0% (0/2)">
							<conditions>
								<condition number="0" type="jump" coverage="0%"/>
							</conditions>
						</line>
						<line number="174" hits="0" branch="false"/>
						<line number="176" hits="0" branch="true" condition-coverage="0% (0/2)">
							<conditions>
								<condition number="0" type="jump" coverage="0%"/>
							</conditions>
						</line>
						<line number="178" hits="0" branch="false"/>
						<line number="179" hits="0" branch="false"/>
						<line number="185" hits="0" branch="false"/>
						<line number="186" hits="0" branch="false"/>
						<line number="188" hits="0" branch="false"/>
						<line number="189" hits="0" branch="false"/>
						<line number="190" hits="0" branch="false"/>
						<line number="196" hits="0" branch="false"/>
						<line number="197" hits="0" branch="false"/>
						<line number="199" hits="0" branch="false"/>
						<line number="200" hits="0" branch="false"/>
						<line number="201" hits="0" branch="false"/>
						<line number="212" hits="0" branch="false"/>
						<line number="213" hits="0" branch="false"/>
						<line number="215" hits="0" branch="false"/>
						<line number="217" hits="0" branch="false"/>
						<line number="218" hits="0" branch="false"/>
						<line number="219" hits="0" branch="false"/>
						<line number="220" hits="0" branch="false"/>
						<line number="222" hits="0" branch="false"/>
						<line number="223" hits="0" branch="false"/>
						<line number="224" hits="0" branch="false"/>
						<line number="226" hits="0" branch="false"/>
						<line number="227" hits="0" branch="true" condition-coverage="0% (0/2)">
							<conditions>
								<condition number="0" type="jump" coverage="0%"/>
							</conditions>
						</line>
						<line number="228" hits="0" branch="false"/>
						<line number="230" hits="0" branch="true" condition-coverage="0% (0/2)">
							<conditions>
								<condition number="0" type="jump" coverage="0%"/>
							</conditions>
						</line>
						<line number="231" hits="0" branch="false"/>
						<line number="233" hits="0" branch="false"/>
						<line number="234" hits="0" branch="false"/>
						<line number="235" hits="0" branch="false"/>
						<line number="236" hits="0" branch="false"/>
						<line number="237" hits="0" branch="false"/>
						<line number="238" hits="0" branch="false"/>
						<line number="244" hits="0" branch="false"/>
						<line number="245" hits="0" branch="false"/>
						<line number="247" hits="0" branch="false"/>
						<line number="249" hits="0" branch="false"/>
						<line number="250" hits="0" branch="false"/>
						<line number="251" hits="0" branch="false"/>
						<line number="253" hits="0" branch="false"/>
						<line number="254" hits="0" branch="false"/>
						<line number="255" hits="0" branch="false"/>
						<line number="258" hits="0" branch="false"/>
						<line number="259" hits="0" branch="false"/>
						<line number="260" hits="0" branch="true" condition-coverage="0% (0/2)">
							<conditions>
								<condition number="0" type="jump" coverage="0%"/>
							</conditions>
						</line>
						<line number="261" hits="0" branch="false"/>
						<line number="263" hits="0" branch="false"/>
						<line number="265" hits="0" branch="false"/>
						<line number="266" hits="0" branch="false"/>
						<line number="267" hits="0" branch="true" condition-coverage="0% (0/2)">
							<conditions>
								<condition number="0" type="jump" coverage="0%"/>
							</conditions>
						</line>
						<line number="268" hits="0" branch="false"/>
						<line number="270" hits="0" branch="false"/>
						<line number="272" hits="0" branch="false"/>
						<line number="273" hits="0" branch="false"/>
						<line number="274" hits="0" branch="true" condition-coverage="0% (0/2)">
							<conditions>
								<condition number="0" type="jump" coverage="0%"/>
							</conditions>
						</line>
						<line number="275" hits="0" branch="false"/>
						<line number="277" hits="0" branch="false"/>
						<line number="279" hits="0" branch="false"/>
						<line number="280" hits="0" branch="false"/>
						<line number="281" hits="0" branch="false"/>
						<line number="283" hits="0" branch="false"/>
						<line number="284" hits="0" branch="true" condition-coverage="0% (0/2)">
							<conditions>
								<condition number="0" type="jump" coverage="0%"/>
							</conditions>
						</line>
						<line number="285" hits="0" branch="false"/>
						<line number="287" hits="0" branch="true" condition-coverage="0% (0/2)">
							<conditions>
								<condition number="0" type="jump" coverage="0%"/>
							</conditions>
						</line>
						<line number="288" hits="0" branch="false"/>
						<line number="290" hits="0" branch="false"/>
						<line number="291" hits="0" branch="false"/>
						<line number="292" hits="0" branch="false"/>
						<line number="293" hits="0" branch="false"/>
						<line number="294" hits="0" branch="false"/>
						<line number="295" hits="0" branch="false"/>
						<line number="301" hits="0" branch="false"/>
						<line number="302" hits="0" branch="false"/>
						<line number="304" hits="0" branch="false"/>
						<line number="306" hits="0" branch="false"/>
						<line number="307" hits="0" branch="false"/>
						<line number="308" hits="0" branch="false"/>
						<line number="310" hits="0" branch="false"/>
						<line number="311" hits="0" branch="false"/>
						<line number="312" hits="0" branch="false"/>
						<line number="314" hits="0" branch="false"/>
						<line number="315" hits="0" branch="true" condition-coverage="0% (0/2)">
							<conditions>
								<condition number="0" type="jump" coverage="0%"/>
							</conditions>
						</line>
						<line number="316" hits="0" branch="false"/>
						<line number="317" hits="0" branch="false"/>
						<line number="318" hits="0" branch="true" condition-coverage="0% (0/4)">
							<conditions>
								<condition number="0" type="jump" coverage="0%"/>
								<condition number="1" type="jump" coverage="0%"/>
							</conditions>
						</line>
						<line number="319" hits="0" branch="false"/>
						<line number="321" hits="0" branch="false"/>
						<line number="324" hits="0" branch="false"/>
						<line number="325" hits="0" branch="true" condition-coverage="0% (0/2)">
							<conditions>
								<condition number="0" type="jump" coverage="0%"/>
							</conditions>
						</line>
						<line number="326" hits="0" branch="false"/>
						<line number="327" hits="0" branch="false"/>
						<line number="328" hits="0" branch="true" condition-coverage="0% (0/4)">
							<conditions>
								<condition number="0" type="jump" coverage="0%"/>
								<condition number="1" type="jump" coverage="0%"/>
							</conditions>
						</line>
						<line number="329" hits="0" branch="false"/>
						<line number="331" hits="0" branch="false"/>
						<line number="333" hits="0" branch="false"/>
						<line number="334" hits="0" branch="true" condition-coverage="0% (0/2)">
							<conditions>
								<condition number="0" type="jump" coverage="0%"/>
							</conditions>
						</line>
						<line number="335" hits="0" branch="false"/>
						<line number="336" hits="0" branch="false"/>
						<line number="337" hits="0" branch="true" condition-coverage="0% (0/4)">
							<conditions>
								<condition number="0" type="jump" coverage="0%"/>
								<condition number="1" type="jump" coverage="0%"/>
							</conditions>
						</line>
						<line number="338" hits="0" branch="false"/>
						<line number="340" hits="0" branch="false"/>
						<line number="342" hits="0" branch="false"/>
						<line number="343" hits="0" branch="false"/>
						<line number="344" hits="0" branch="false"/>
						<line number="346" hits="0" branch="false"/>
						<line number="347" hits="0" branch="true" condition-coverage="0% (0/2)">
							<conditions>
								<condition number="0" type="jump" coverage="0%"/>
							</conditions>
						</line>
						<line number="348" hits="0" branch="false"/>
						<line number="350" hits="0" branch="true" condition-coverage="0% (0/2)">
							<conditions>
								<condition number="0" type="jump" coverage="0%"/>
							</conditions>
						</line>
						<line number="351" hits="0" branch="false"/>
						<line number="353" hits="0" branch="false"/>
						<line number="354" hits="0" branch="false"/>
						<line number="355" hits="0" branch="false"/>
						<line number="356" hits="0" branch="false"/>
						<line number="357" hits="0" branch="false"/>
						<line number="358" hits="0" branch="false"/>
						<line number="370" hits="0" branch="true" condition-coverage="0% (0/2)">
							<conditions>
								<condition number="0" type="jump" coverage="0%"/>
							</conditions>
						</line>
						<line number="371" hits="0" branch="false"/>
						<line number="372" hits="0" branch="false"/>
						<line number="373" hits="0" branch="false"/>
						<line number="375" hits="0" branch="false"/>
						<line number="377" hits="0" branch="false"/>
						<line number="378" hits="0" branch="false"/>
						<line number="379" hits="0" branch="false"/>
						<line number="383" hits="0" branch="false"/>
						<line number="385" hits="0" branch="false"/>
						<line number="386" hits="0" branch="false"/>
						<line number="389" hits="0" branch="false"/>
						<line number="390" hits="0" branch="false"/>
						<line number="393" hits="0" branch="false"/>
						<line number="397" hits="0" branch="false"/>
						<line number="398" hits="0" branch="false"/>
						<line number="399" hits="0" branch="true" condition-coverage="0% (0/2)">
							<conditions>
								<condition number="0" type="jump" coverage="0%"/>
							</conditions>
						</line>
						<line number="400" hits="0" branch="false"/>
						<line number="402" hits="0" branch="false"/>
						<line number="404" hits="0" branch="false"/>
						<line number="405" hits="0" branch="false"/>
						<line number="406" hits="0" branch="true" condition-coverage="0% (0/2)">
							<conditions>
								<condition number="0" type="jump" coverage="0%"/>
							</conditions>
						</line>
						<line number="407" hits="0" branch="false"/>
						<line number="409" hits="0" branch="false"/>
						<line number="411" hits="0" branch="false"/>
						<line number="412" hits="0" branch="false"/>
						<line number="413" hits="0" branch="true" condition-coverage="0% (0/2)">
							<conditions>
								<condition number="0" type="jump" coverage="0%"/>
							</conditions>
						</line>
						<line number="414" hits="0" branch="false"/>
						<line number="416" hits="0" branch="false"/>
						<line number="418" hits="0" branch="false"/>
						<line number="419" hits="0" branch="false"/>
						<line number="420" hits="0" branch="false"/>
						<line number="422" hits="0" branch="false"/>
						<line number="423" hits="0" branch="true" condition-coverage="0% (0/2)">
							<conditions>
								<condition number="0" type="jump" coverage="0%"/>
							</conditions>
						</line>
						<line number="424" hits="0" branch="false"/>
						<line number="426" hits="0" branch="true" condition-coverage="0% (0/2)">
							<conditions>
								<condition number="0" type="jump" coverage="0%"/>
							</conditions>
						</line>
						<line number="427" hits="0" branch="false"/>
						<line number="429" hits="0" branch="false"/>
						<line number="430" hits="0" branch="false"/>
						<line number="431" hits="0" branch="false"/>
						<line number="432" hits="0" branch="false"/>
						<line number="433" hits="0" branch="false"/>
						<line number="434" hits="0" branch="false"/>
						<line number="440" hits="0" branch="false"/>
						<line number="443" hits="0" branch="false"/>
						<line number="444" hits="0" branch="false"/>
						<line number="450" hits="0" branch="false"/>
						<line number="451" hits="0" branch="false"/>
						<line number="452" hits="0" branch="false"/>
						<line number="454" hits="0" branch="false"/>
						<line number="456" hits="0" branch="false"/>
						<line number="457" hits="0" branch="false"/>
						<line number="458" hits="0" branch="false"/>
						<line number="460" hits="0" branch="false"/>
						<line number="462" hits="0" branch="false"/>
						<line number="463" hits="0" branch="true" condition-coverage="0% (0/2)">
							<conditions>
								<condition number="0" type="jump" coverage="0%"/>
							</conditions>
						</line>
						<line number="464" hits="0" branch="false"/>
						<line number="465" hits="0" branch="true" condition-coverage="0% (0/2)">
							<conditions>
								<condition number="0" type="jump" coverage="0%"/>
							</conditions>
						</line>
						<line number="466" hits="0" branch="false"/>
						<line number="468" hits="0" branch="false"/>
						<line number="470" hits="0" branch="false"/>
						<line number="471" hits="0" branch="false"/>
						<line number="472" hits="0" branch="false"/>
						<line number="474" hits="0" branch="false"/>
						<line number="475" hits="0" branch="true" condition-coverage="0% (0/2)">
							<conditions>
								<condition number="0" type="jump" coverage="0%"/>
							</conditions>
						</line>
						<line number="476" hits="0" branch="false"/>
						<line number="478" hits="0" branch="true" condition-coverage="0% (0/2)">
							<conditions>
								<condition number="0" type="jump" coverage="0%"/>
							</conditions>
						</line>
						<line number="479" hits="0" branch="false"/>
						<line number="481" hits="0" branch="false"/>
						<line number="482" hits="0" branch="false"/>
						<line number="483" hits="0" branch="false"/>
						<line number="484" hits="0" branch="false"/>
						<line number="485" hits="0" branch="false"/>
						<line number="486" hits="0" branch="false"/>
						<line number="498" hits="0" branch="false"/>
						<line number="505" hits="0" branch="false"/>
						<line number="518" hits="0" branch="false"/>
						<line number="519" hits="0" branch="false"/>
						<line number="520" hits="0" branch="false"/>
						<line number="522" hits="0" branch="false"/>
						<line number="524" hits="0" branch="false"/>
						<line number="525" hits="0" branch="false"/>
						<line number="526" hits="0" branch="false"/>
						<line number="528" hits="0" branch="false"/>
						<line number="530" hits="0" branch="false"/>
						<line number="531" hits="0" branch="false"/>
						<line number="533" hits="0" branch="false"/>
						<line number="534" hits="0" branch="false"/>
						<line number="535" hits="0" branch="false"/>
						<line number="537" hits="0" branch="false"/>
						<line number="538" hits="0" branch="true" condition-coverage="0% (0/2)">
							<conditions>
								<condition number="0" type="jump" coverage="0%"/>
							</conditions>
						</line>
						<line number="539" hits="0" branch="false"/>
						<line number="541" hits="0" branch="true" condition-coverage="0% (0/2)">
							<conditions>
								<condition number="0" type="jump" coverage="0%"/>
							</conditions>
						</line>
						<line number="542" hits="0" branch="false"/>
						<line number="544" hits="0" branch="false"/>
						<line number="545" hits="0" branch="false"/>
						<line number="546" hits="0" branch="false"/>
						<line number="547" hits="0" branch="false"/>
						<line number="548" hits="0" branch="false"/>
						<line number="549" hits="0" branch="false"/>
					</lines>
				</class>
			</classes>
		</package>
	</packages>
</coverage>
