<?xml version="1.0" encoding="UTF-8" ?>
<testsuite failures="0" time="0.296" errors="3" skipped="0" tests="3" name="org.unversAAL.ri.servicegateway.LoginServletTest">
  <properties>
[...]
</properties>
  <testcase time="0.136" classname="org.unversAAL.ri.servicegateway.LoginServletTest" name="testWithAuthWithoutCookies">
    <error message="Basic authentication required: realm=&quot;XDB&quot;" type="com.meterware.httpunit.AuthorizationRequiredException">com.meterware.httpunit.AuthorizationRequiredException: Basic authentication required: realm=&quot;XDB&quot;
	at com.meterware.httpunit.WebClient.validateHeaders(WebClient.java:571)
	at com.meterware.httpunit.WebClient.updateClient(WebClient.java:464)
	at com.meterware.httpunit.WebWindow.updateWindow(WebWindow.java:139)
	at com.meterware.httpunit.WebWindow.getSubframeResponse(WebWindow.java:130)
	at com.meterware.httpunit.WebWindow.getResponse(WebWindow.java:121)
	at com.meterware.httpunit.WebClient.getResponse(WebClient.java:113)
	at org.unversAAL.ri.servicegateway.LoginServletTest.testWithAuthWithoutCookies(LoginServletTest.java:29)
	at sun.reflect.NativeMethodAccessorImpl.invoke0(Native Method)
	at sun.reflect.NativeMethodAccessorImpl.invoke(NativeMethodAccessorImpl.java:39)
	at sun.reflect.DelegatingMethodAccessorImpl.invoke(DelegatingMethodAccessorImpl.java:25)
	at java.lang.reflect.Method.invoke(Method.java:597)
	at junit.framework.TestCase.runTest(TestCase.java:168)
	at junit.framework.TestCase.runBare(TestCase.java:134)
	at junit.framework.TestResult$1.protect(TestResult.java:110)
	at junit.framework.TestResult.runProtected(TestResult.java:128)
	at junit.framework.TestResult.run(TestResult.java:113)
	at junit.framework.TestCase.run(TestCase.java:124)
	at junit.framework.TestSuite.runTest(TestSuite.java:232)
	at junit.framework.TestSuite.run(TestSuite.java:227)
	at org.junit.internal.runners.JUnit38ClassRunner.run(JUnit38ClassRunner.java:79)
	at org.apache.maven.surefire.junit4.JUnit4TestSet.execute(JUnit4TestSet.java:53)
	at org.apache.maven.surefire.junit4.JUnit4Provider.executeTestSet(JUnit4Provider.java:119)
	at org.apache.maven.surefire.junit4.JUnit4Provider.invoke(JUnit4Provider.java:101)
	at sun.reflect.NativeMethodAccessorImpl.invoke0(Native Method)
	at sun.reflect.NativeMethodAccessorImpl.invoke(NativeMethodAccessorImpl.java:39)
	at sun.reflect.DelegatingMethodAccessorImpl.invoke(DelegatingMethodAccessorImpl.java:25)
	at java.lang.reflect.Method.invoke(Method.java:597)
	at org.apache.maven.surefire.booter.ProviderFactory$ClassLoaderProxy.invoke(ProviderFactory.java:103)
	at $Proxy0.invoke(Unknown Source)
	at org.apache.maven.surefire.booter.SurefireStarter.invokeProvider(SurefireStarter.java:150)
	at org.apache.maven.surefire.booter.SurefireStarter.runSuitesInProcess(SurefireStarter.java:91)
	at org.apache.maven.surefire.booter.ForkedBooter.main(ForkedBooter.java:69)
</error>
  </testcase>
  <testcase time="0.095" classname="org.unversAAL.ri.servicegateway.LoginServletTest" name="testWithAuthAndCookies">
    <error message="Basic authentication required: realm=&quot;XDB&quot;" type="com.meterware.httpunit.AuthorizationRequiredException">com.meterware.httpunit.AuthorizationRequiredException: Basic authentication required: realm=&quot;XDB&quot;
	at com.meterware.httpunit.WebClient.validateHeaders(WebClient.java:571)
	at com.meterware.httpunit.WebClient.updateClient(WebClient.java:464)
	at com.meterware.httpunit.WebWindow.updateWindow(WebWindow.java:139)
	at com.meterware.httpunit.WebWindow.getSubframeResponse(WebWindow.java:130)
	at com.meterware.httpunit.WebWindow.getResponse(WebWindow.java:121)
	at com.meterware.httpunit.WebClient.getResponse(WebClient.java:113)
	at org.unversAAL.ri.servicegateway.LoginServletTest.testWithAuthAndCookies(LoginServletTest.java:60)
	at sun.reflect.NativeMethodAccessorImpl.invoke0(Native Method)
	at sun.reflect.NativeMethodAccessorImpl.invoke(NativeMethodAccessorImpl.java:39)
	at sun.reflect.DelegatingMethodAccessorImpl.invoke(DelegatingMethodAccessorImpl.java:25)
	at java.lang.reflect.Method.invoke(Method.java:597)
	at junit.framework.TestCase.runTest(TestCase.java:168)
	at junit.framework.TestCase.runBare(TestCase.java:134)
	at junit.framework.TestResult$1.protect(TestResult.java:110)
	at junit.framework.TestResult.runProtected(TestResult.java:128)
	at junit.framework.TestResult.run(TestResult.java:113)
	at junit.framework.TestCase.run(TestCase.java:124)
	at junit.framework.TestSuite.runTest(TestSuite.java:232)
	at junit.framework.TestSuite.run(TestSuite.java:227)
	at org.junit.internal.runners.JUnit38ClassRunner.run(JUnit38ClassRunner.java:79)
	at org.apache.maven.surefire.junit4.JUnit4TestSet.execute(JUnit4TestSet.java:53)
	at org.apache.maven.surefire.junit4.JUnit4Provider.executeTestSet(JUnit4Provider.java:119)
	at org.apache.maven.surefire.junit4.JUnit4Provider.invoke(JUnit4Provider.java:101)
	at sun.reflect.NativeMethodAccessorImpl.invoke0(Native Method)
	at sun.reflect.NativeMethodAccessorImpl.invoke(NativeMethodAccessorImpl.java:39)
	at sun.reflect.DelegatingMethodAccessorImpl.invoke(DelegatingMethodAccessorImpl.java:25)
	at java.lang.reflect.Method.invoke(Method.java:597)
	at org.apache.maven.surefire.booter.ProviderFactory$ClassLoaderProxy.invoke(ProviderFactory.java:103)
	at $Proxy0.invoke(Unknown Source)
	at org.apache.maven.surefire.booter.SurefireStarter.invokeProvider(SurefireStarter.java:150)
	at org.apache.maven.surefire.booter.SurefireStarter.runSuitesInProcess(SurefireStarter.java:91)
	at org.apache.maven.surefire.booter.ForkedBooter.main(ForkedBooter.java:69)
</error>
  </testcase>
  <testcase time="0.011" classname="org.unversAAL.ri.servicegateway.LoginServletTest" name="testWithoutAuth">
    <error message="Error on HTTP request: 404 Not found [http://localhost:8080/login]" type="com.meterware.httpunit.HttpNotFoundException">com.meterware.httpunit.HttpNotFoundException: Error on HTTP request: 404 Not found [http://localhost:8080/login]
	at com.meterware.httpunit.WebClient.validateHeaders(WebClient.java:575)
	at com.meterware.httpunit.WebClient.updateClient(WebClient.java:464)
	at com.meterware.httpunit.WebWindow.updateWindow(WebWindow.java:139)
	at com.meterware.httpunit.WebWindow.getSubframeResponse(WebWindow.java:130)
	at com.meterware.httpunit.WebWindow.getResponse(WebWindow.java:121)
	at com.meterware.httpunit.WebClient.getResponse(WebClient.java:113)
	at org.unversAAL.ri.servicegateway.LoginServletTest.testWithoutAuth(LoginServletTest.java:88)
	at sun.reflect.NativeMethodAccessorImpl.invoke0(Native Method)
	at sun.reflect.NativeMethodAccessorImpl.invoke(NativeMethodAccessorImpl.java:39)
	at sun.reflect.DelegatingMethodAccessorImpl.invoke(DelegatingMethodAccessorImpl.java:25)
	at java.lang.reflect.Method.invoke(Method.java:597)
	at junit.framework.TestCase.runTest(TestCase.java:168)
	at junit.framework.TestCase.runBare(TestCase.java:134)
	at junit.framework.TestResult$1.protect(TestResult.java:110)
	at junit.framework.TestResult.runProtected(TestResult.java:128)
	at junit.framework.TestResult.run(TestResult.java:113)
	at junit.framework.TestCase.run(TestCase.java:124)
	at junit.framework.TestSuite.runTest(TestSuite.java:232)
	at junit.framework.TestSuite.run(TestSuite.java:227)
	at org.junit.internal.runners.JUnit38ClassRunner.run(JUnit38ClassRunner.java:79)
	at org.apache.maven.surefire.junit4.JUnit4TestSet.execute(JUnit4TestSet.java:53)
	at org.apache.maven.surefire.junit4.JUnit4Provider.executeTestSet(JUnit4Provider.java:119)
	at org.apache.maven.surefire.junit4.JUnit4Provider.invoke(JUnit4Provider.java:101)
	at sun.reflect.NativeMethodAccessorImpl.invoke0(Native Method)
	at sun.reflect.NativeMethodAccessorImpl.invoke(NativeMethodAccessorImpl.java:39)
	at sun.reflect.DelegatingMethodAccessorImpl.invoke(DelegatingMethodAccessorImpl.java:25)
	at java.lang.reflect.Method.invoke(Method.java:597)
	at org.apache.maven.surefire.booter.ProviderFactory$ClassLoaderProxy.invoke(ProviderFactory.java:103)
	at $Proxy0.invoke(Unknown Source)
	at org.apache.maven.surefire.booter.SurefireStarter.invokeProvider(SurefireStarter.java:150)
	at org.apache.maven.surefire.booter.SurefireStarter.runSuitesInProcess(SurefireStarter.java:91)
	at org.apache.maven.surefire.booter.ForkedBooter.main(ForkedBooter.java:69)
</error>
  </testcase>
</testsuite>